[0.026s] Invoking command in '/root/assignment1_rt/build/assignment1_rt': CMAKE_PREFIX_PATH=${CMAKE_PREFIX_PATH}:/opt/ros/jazzy /usr/bin/cmake --build /root/assignment1_rt/build/assignment1_rt -- -j20 -l20
[0.183s] [ 50%] Built target TextInterface
[0.186s] [ 50%] Built target ament_cmake_python_copy_assignment1_rt
[0.191s] [ 75%] [32mBuilding CXX object CMakeFiles/TurtlesController.dir/src/TurtlesController.cpp.o[0m
[0.390s] running egg_info
[0.404s] writing assignment1_rt.egg-info/PKG-INFO
[0.404s] writing dependency_links to assignment1_rt.egg-info/dependency_links.txt
[0.404s] writing top-level names to assignment1_rt.egg-info/top_level.txt
[0.448s] reading manifest file 'assignment1_rt.egg-info/SOURCES.txt'
[0.449s] writing manifest file 'assignment1_rt.egg-info/SOURCES.txt'
[0.474s] [ 75%] Built target ament_cmake_python_build_assignment1_rt_egg
[2.770s] [01m[K/root/assignment1_rt/src/TurtlesController.cpp:65:2:[m[K [01;31m[Kerror: [m[Kexpected â€˜[01m[K;[m[Kâ€™ after class definition
[2.770s]    65 | }
[2.770s]       |  [01;31m[K^[m[K
[2.770s]       |  [32m[K;[m[K
[2.781s] [01m[K/root/assignment1_rt/src/TurtlesController.cpp:[m[K In constructor â€˜[01m[KTurtlesController::[01;32m[KTurtlesController[m[K()[m[Kâ€™:
[2.781s] [01m[K/root/assignment1_rt/src/TurtlesController.cpp:10:9:[m[K [01;31m[Kerror: [m[Kâ€˜[01m[Ksubscription1_[m[Kâ€™ was not declared in this scope; did you mean â€˜[01m[Krmw_subscriptions_t[m[Kâ€™?
[2.781s]    10 |         [01;31m[Ksubscription1_[m[K = this->create_subscription<turtlesim::msg::Pose>("turtle1/pose", 10,
[2.781s]       |         [01;31m[K^~~~~~~~~~~~~~[m[K
[2.781s]       |         [32m[Krmw_subscriptions_t[m[K
[2.819s] [01m[K/root/assignment1_rt/src/TurtlesController.cpp:12:9:[m[K [01;31m[Kerror: [m[Kâ€˜[01m[Ksubscription2_[m[Kâ€™ was not declared in this scope; did you mean â€˜[01m[Krmw_subscriptions_t[m[Kâ€™?
[2.819s]    12 |         [01;31m[Ksubscription2_[m[K = this->create_subscription<turtlesim::msg::Pose>("turtle2/pose", 10,
[2.819s]       |         [01;31m[K^~~~~~~~~~~~~~[m[K
[2.819s]       |         [32m[Krmw_subscriptions_t[m[K
[2.827s] [01m[K/root/assignment1_rt/src/TurtlesController.cpp:15:9:[m[K [01;31m[Kerror: [m[Kâ€˜[01m[Kpublisher1_[m[Kâ€™ was not declared in this scope
[2.827s]    15 |         [01;31m[Kpublisher1_[m[K = this->create_publisher<geometry_msgs::msg::Twist>("turtle1/cmd_vel", 10);
[2.827s]       |         [01;31m[K^~~~~~~~~~~[m[K
[2.836s] [01m[K/root/assignment1_rt/src/TurtlesController.cpp:16:9:[m[K [01;31m[Kerror: [m[Kâ€˜[01m[Kpublisher2_[m[Kâ€™ was not declared in this scope
[2.836s]    16 |         [01;31m[Kpublisher2_[m[K = this->create_publisher<geometry_msgs::msg::Twist>("turtle2/cmd_vel", 10);
[2.836s]       |         [01;31m[K^~~~~~~~~~~[m[K
[2.847s] [01m[K/root/assignment1_rt/src/TurtlesController.cpp:17:9:[m[K [01;31m[Kerror: [m[Kâ€˜[01m[Kpublisher_distance_[m[Kâ€™ was not declared in this scope
[2.847s]    17 |         [01;31m[Kpublisher_distance_[m[K = this->create_publisher<std_msgs::msg::Float32>("turtles/distance", 10);
[2.847s]       |         [01;31m[K^~~~~~~~~~~~~~~~~~~[m[K
[2.855s] [01m[K/root/assignment1_rt/src/TurtlesController.cpp:19:9:[m[K [01;31m[Kerror: [m[Kâ€˜[01m[Ktimer1_[m[Kâ€™ was not declared in this scope; did you mean â€˜[01m[Ktimer_t[m[Kâ€™?
[2.855s]    19 |         [01;31m[Ktimer1_[m[K = this->create_wall_timer(std::chrono::milliseconds(100),
[2.855s]       |         [01;31m[K^~~~~~~[m[K
[2.855s]       |         [32m[Ktimer_t[m[K
[2.868s] [01m[K/root/assignment1_rt/src/TurtlesController.cpp:21:9:[m[K [01;31m[Kerror: [m[Kâ€˜[01m[Ktimer2_[m[Kâ€™ was not declared in this scope; did you mean â€˜[01m[Ktimer_t[m[Kâ€™?
[2.868s]    21 |         [01;31m[Ktimer2_[m[K = this->create_wall_timer(std::chrono::milliseconds(100),
[2.868s]       |         [01;31m[K^~~~~~~[m[K
[2.868s]       |         [32m[Ktimer_t[m[K
[2.876s] [01m[K/root/assignment1_rt/src/TurtlesController.cpp:23:9:[m[K [01;31m[Kerror: [m[Kâ€˜[01m[Ktimer_distance_[m[Kâ€™ was not declared in this scope
[2.877s]    23 |         [01;31m[Ktimer_distance_[m[K = this->create_wall_timer(std::chrono::milliseconds(1000),
[2.877s]       |         [01;31m[K^~~~~~~~~~~~~~~[m[K
[2.877s] [01m[K/root/assignment1_rt/src/TurtlesController.cpp:24:39:[m[K [01;31m[Kerror: [m[Kâ€˜[01m[Ktimer_distance_callback[m[Kâ€™ is not a member of â€˜[01m[KTurtlesController[m[Kâ€™
[2.877s]    24 |         std::bind(&TurtlesController::[01;31m[Ktimer_distance_callback[m[K, this));
[2.877s]       |                                       [01;31m[K^~~~~~~~~~~~~~~~~~~~~~~[m[K
[2.885s] [01m[K/root/assignment1_rt/src/TurtlesController.cpp:[m[K In member function â€˜[01m[Kvoid TurtlesController::[01;32m[Ktopic_callback1[m[K(turtlesim::msg::Pose_<std::allocator<void> >::SharedPtr)[m[Kâ€™:
[2.885s] [01m[K/root/assignment1_rt/src/TurtlesController.cpp:27:9:[m[K [01;31m[Kerror: [m[Kâ€˜[01m[Kturtle1_x_[m[Kâ€™ was not declared in this scope
[2.885s]    27 |         [01;31m[Kturtle1_x_[m[K = msg1->x;
[2.885s]       |         [01;31m[K^~~~~~~~~~[m[K
[2.891s] [01m[K/root/assignment1_rt/src/TurtlesController.cpp:28:9:[m[K [01;31m[Kerror: [m[Kâ€˜[01m[Kturtle1_y_[m[Kâ€™ was not declared in this scope
[2.891s]    28 |         [01;31m[Kturtle1_y_[m[K = msg1->y;
[2.891s]       |         [01;31m[K^~~~~~~~~~[m[K
[2.897s] [01m[K/root/assignment1_rt/src/TurtlesController.cpp:[m[K In member function â€˜[01m[Kvoid TurtlesController::[01;32m[Ktopic_callback2[m[K(turtlesim::msg::Pose_<std::allocator<void> >::SharedPtr)[m[Kâ€™:
[2.897s] [01m[K/root/assignment1_rt/src/TurtlesController.cpp:31:9:[m[K [01;31m[Kerror: [m[Kâ€˜[01m[Kturtle2_x_[m[Kâ€™ was not declared in this scope
[2.897s]    31 |         [01;31m[Kturtle2_x_[m[K = msg2->x;
[2.897s]       |         [01;31m[K^~~~~~~~~~[m[K
[2.903s] [01m[K/root/assignment1_rt/src/TurtlesController.cpp:32:9:[m[K [01;31m[Kerror: [m[Kâ€˜[01m[Kturtle2_y_[m[Kâ€™ was not declared in this scope
[2.903s]    32 |         [01;31m[Kturtle2_y_[m[K = msg2->y;
[2.903s]       |         [01;31m[K^~~~~~~~~~[m[K
[2.909s] [01m[K/root/assignment1_rt/src/TurtlesController.cpp:[m[K In member function â€˜[01m[Kvoid TurtlesController::[01;32m[Ktimer_callback1[m[K()[m[Kâ€™:
[2.909s] [01m[K/root/assignment1_rt/src/TurtlesController.cpp:36:45:[m[K [01;31m[Kerror: [m[Kâ€˜[01m[Kturtle2_x_[m[Kâ€™ was not declared in this scope
[2.909s]    36 |         float distance = std::sqrt(std::pow([01;31m[Kturtle2_x_[m[K - turtle1_x_, 2) + std::pow(turtle2_y_ - turtle1_y_, 2));
[2.909s]       |                                             [01;31m[K^~~~~~~~~~[m[K
[2.915s] [01m[K/root/assignment1_rt/src/TurtlesController.cpp:36:58:[m[K [01;31m[Kerror: [m[Kâ€˜[01m[Kturtle1_x_[m[Kâ€™ was not declared in this scope
[2.915s]    36 |         float distance = std::sqrt(std::pow(turtle2_x_ - [01;31m[Kturtle1_x_[m[K, 2) + std::pow(turtle2_y_ - turtle1_y_, 2));
[2.915s]       |                                                          [01;31m[K^~~~~~~~~~[m[K
[2.922s] [01m[K/root/assignment1_rt/src/TurtlesController.cpp:36:84:[m[K [01;31m[Kerror: [m[Kâ€˜[01m[Kturtle2_y_[m[Kâ€™ was not declared in this scope
[2.922s]    36 |         float distance = std::sqrt(std::pow(turtle2_x_ - turtle1_x_, 2) + std::pow([01;31m[Kturtle2_y_[m[K - turtle1_y_, 2));
[2.922s]       |                                                                                    [01;31m[K^~~~~~~~~~[m[K
[2.928s] [01m[K/root/assignment1_rt/src/TurtlesController.cpp:36:97:[m[K [01;31m[Kerror: [m[Kâ€˜[01m[Kturtle1_y_[m[Kâ€™ was not declared in this scope
[2.928s]    36 |         float distance = std::sqrt(std::pow(turtle2_x_ - turtle1_x_, 2) + std::pow(turtle2_y_ - [01;31m[Kturtle1_y_[m[K, 2));
[2.928s]       |                                                                                                 [01;31m[K^~~~~~~~~~[m[K
[2.935s] [01m[K/root/assignment1_rt/src/TurtlesController.cpp:38:13:[m[K [01;31m[Kerror: [m[Kâ€˜[01m[Kmessage_[m[Kâ€™ was not declared in this scope
[2.935s]    38 |             [01;31m[Kmessage_[m[K.linear.x = 0.0;
[2.935s]       |             [01;31m[K^~~~~~~~[m[K
[2.942s] [01m[K/root/assignment1_rt/src/TurtlesController.cpp:40:13:[m[K [01;31m[Kerror: [m[Kâ€˜[01m[Kpublisher1_[m[Kâ€™ was not declared in this scope
[2.942s]    40 |             [01;31m[Kpublisher1_[m[K->publish(message_);
[2.942s]       |             [01;31m[K^~~~~~~~~~~[m[K
[2.949s] [01m[K/root/assignment1_rt/src/TurtlesController.cpp:[m[K In member function â€˜[01m[Kvoid TurtlesController::[01;32m[Ktimer_callback2[m[K()[m[Kâ€™:
[2.949s] [01m[K/root/assignment1_rt/src/TurtlesController.cpp:45:45:[m[K [01;31m[Kerror: [m[Kâ€˜[01m[Kturtle2_x_[m[Kâ€™ was not declared in this scope
[2.949s]    45 |         float distance = std::sqrt(std::pow([01;31m[Kturtle2_x_[m[K - turtle1_x_, 2) + std::pow(turtle2_y_ - turtle1_y_, 2));
[2.949s]       |                                             [01;31m[K^~~~~~~~~~[m[K
[2.955s] [01m[K/root/assignment1_rt/src/TurtlesController.cpp:45:58:[m[K [01;31m[Kerror: [m[Kâ€˜[01m[Kturtle1_x_[m[Kâ€™ was not declared in this scope
[2.955s]    45 |         float distance = std::sqrt(std::pow(turtle2_x_ - [01;31m[Kturtle1_x_[m[K, 2) + std::pow(turtle2_y_ - turtle1_y_, 2));
[2.956s]       |                                                          [01;31m[K^~~~~~~~~~[m[K
[2.962s] [01m[K/root/assignment1_rt/src/TurtlesController.cpp:45:84:[m[K [01;31m[Kerror: [m[Kâ€˜[01m[Kturtle2_y_[m[Kâ€™ was not declared in this scope
[2.962s]    45 |         float distance = std::sqrt(std::pow(turtle2_x_ - turtle1_x_, 2) + std::pow([01;31m[Kturtle2_y_[m[K - turtle1_y_, 2));
[2.962s]       |                                                                                    [01;31m[K^~~~~~~~~~[m[K
[2.969s] [01m[K/root/assignment1_rt/src/TurtlesController.cpp:45:97:[m[K [01;31m[Kerror: [m[Kâ€˜[01m[Kturtle1_y_[m[Kâ€™ was not declared in this scope
[2.969s]    45 |         float distance = std::sqrt(std::pow(turtle2_x_ - turtle1_x_, 2) + std::pow(turtle2_y_ - [01;31m[Kturtle1_y_[m[K, 2));
[2.970s]       |                                                                                                 [01;31m[K^~~~~~~~~~[m[K
[2.976s] [01m[K/root/assignment1_rt/src/TurtlesController.cpp:47:13:[m[K [01;31m[Kerror: [m[Kâ€˜[01m[Kmessage_[m[Kâ€™ was not declared in this scope
[2.976s]    47 |             [01;31m[Kmessage_[m[K.linear.x = 0.0;
[2.976s]       |             [01;31m[K^~~~~~~~[m[K
[2.984s] [01m[K/root/assignment1_rt/src/TurtlesController.cpp:49:13:[m[K [01;31m[Kerror: [m[Kâ€˜[01m[Kpublisher2_[m[Kâ€™ was not declared in this scope
[2.984s]    49 |             [01;31m[Kpublisher2_[m[K->publish(message_);
[2.984s]       |             [01;31m[K^~~~~~~~~~~[m[K
[2.984s] [01m[K/root/assignment1_rt/src/TurtlesController.cpp:52:5:[m[K [01;31m[Kerror: [m[Kexpected primary-expression before â€˜[01m[Kprivate[m[Kâ€™
[2.984s]    52 |     [01;31m[Kprivate[m[K: void timer_distance_callback(){
[2.984s]       |     [01;31m[K^~~~~~~[m[K
[5.283s] gmake[2]: *** [CMakeFiles/TurtlesController.dir/build.make:76: CMakeFiles/TurtlesController.dir/src/TurtlesController.cpp.o] Error 1
[5.283s] gmake[1]: *** [CMakeFiles/Makefile2:168: CMakeFiles/TurtlesController.dir/all] Error 2
[5.283s] gmake: *** [Makefile:146: all] Error 2
[5.287s] Invoked command in '/root/assignment1_rt/build/assignment1_rt' returned '2': CMAKE_PREFIX_PATH=${CMAKE_PREFIX_PATH}:/opt/ros/jazzy /usr/bin/cmake --build /root/assignment1_rt/build/assignment1_rt -- -j20 -l20
