[0.000000] (-) TimerEvent: {}
[0.000177] (assignment1_rt) JobQueued: {'identifier': 'assignment1_rt', 'dependencies': OrderedDict()}
[0.000661] (assignment1_rt) JobStarted: {'identifier': 'assignment1_rt'}
[0.022705] (assignment1_rt) JobProgress: {'identifier': 'assignment1_rt', 'progress': 'cmake'}
[0.024618] (assignment1_rt) JobProgress: {'identifier': 'assignment1_rt', 'progress': 'build'}
[0.024693] (assignment1_rt) Command: {'cmd': ['/usr/bin/cmake', '--build', '/root/assignment1_rt/build/assignment1_rt', '--', '-j20', '-l20'], 'cwd': '/root/assignment1_rt/build/assignment1_rt', 'env': OrderedDict({'PYTHON_BASIC_REPL': '1', 'GZ_SIM_RESOURCE_PATH': '/home/ubuntu/gazebo_models', 'GZ_CONFIG_PATH': '/opt/ros/jazzy/opt/gz_launch_vendor/share/gz:/opt/ros/jazzy/opt/gz_sim_vendor/share/gz:/opt/ros/jazzy/opt/sdformat_vendor/share/gz:/opt/ros/jazzy/opt/gz_gui_vendor/share/gz:/opt/ros/jazzy/opt/gz_transport_vendor/share/gz:/opt/ros/jazzy/opt/gz_rendering_vendor/share/gz:/opt/ros/jazzy/opt/gz_plugin_vendor/share/gz:/opt/ros/jazzy/opt/gz_fuel_tools_vendor/share/gz:/opt/ros/jazzy/opt/gz_msgs_vendor/share/gz:/opt/ros/jazzy/opt/gz_common_vendor/share/gz', 'HOSTNAME': 'docker-desktop', 'GIT_ASKPASS': '/root/.vscode-server/bin/cb1933bbc38d329b3595673a600fab5c7368f0a7/extensions/git/dist/askpass.sh', 'SHLVL': '2', 'LD_LIBRARY_PATH': '/opt/ros/jazzy/opt/gz_launch_vendor/lib:/opt/ros/jazzy/opt/gz_sim_vendor/lib:/opt/ros/jazzy/opt/gz_sensors_vendor/lib:/opt/ros/jazzy/opt/gz_physics_vendor/lib:/opt/ros/jazzy/opt/sdformat_vendor/lib:/opt/ros/jazzy/opt/rviz_ogre_vendor/lib:/opt/ros/jazzy/lib/x86_64-linux-gnu:/opt/ros/jazzy/opt/gz_gui_vendor/lib:/opt/ros/jazzy/opt/gz_transport_vendor/lib:/opt/ros/jazzy/opt/gz_rendering_vendor/lib:/opt/ros/jazzy/opt/gz_plugin_vendor/lib:/opt/ros/jazzy/opt/gz_fuel_tools_vendor/lib:/opt/ros/jazzy/opt/gz_msgs_vendor/lib:/opt/ros/jazzy/opt/gz_common_vendor/lib:/opt/ros/jazzy/opt/gz_math_vendor/lib:/opt/ros/jazzy/opt/gz_utils_vendor/lib:/opt/ros/jazzy/opt/gz_tools_vendor/lib:/opt/ros/jazzy/opt/gz_ogre_next_vendor/lib:/opt/ros/jazzy/opt/gz_dartsim_vendor/lib:/opt/ros/jazzy/opt/gz_cmake_vendor/lib:/opt/ros/jazzy/lib', 'BROWSER': '/root/.vscode-server/bin/cb1933bbc38d329b3595673a600fab5c7368f0a7/bin/helpers/browser.sh', 'HOME': '/root', 'TERM_PROGRAM_VERSION': '1.106.1', 'VSCODE_IPC_HOOK_CLI': '/tmp/vscode-ipc-62c11cd5-32b4-4db7-a5ca-6c29bcf172c1.sock', 'ROS_PYTHON_VERSION': '3', 'VSCODE_GIT_ASKPASS_MAIN': '/root/.vscode-server/bin/cb1933bbc38d329b3595673a600fab5c7368f0a7/extensions/git/dist/askpass-main.js', 'VSCODE_GIT_ASKPASS_NODE': '/root/.vscode-server/bin/cb1933bbc38d329b3595673a600fab5c7368f0a7/node', 'PYDEVD_DISABLE_FILE_VALIDATION': '1', 'BUNDLED_DEBUGPY_PATH': '/root/.vscode-server/extensions/ms-python.debugpy-2025.16.0/bundled/libs/debugpy', 'VSCODE_PYTHON_AUTOACTIVATE_GUARD': '1', 'COLORTERM': 'truecolor', 'REMOTE_CONTAINERS': 'true', 'ROS_DISTRO': 'jazzy', 'REMOTE_CONTAINERS_IPC': '/tmp/vscode-remote-containers-ipc-202699df-bfeb-476c-a024-bd234772ea3b.sock', '_': '/usr/bin/colcon', 'ROS_VERSION': '2', 'TERM': 'xterm-256color', 'PATH': '/root/.vscode-server/data/User/globalStorage/github.copilot-chat/debugCommand:/root/.vscode-server/data/User/globalStorage/github.copilot-chat/copilotCli:/root/.vscode-server/bin/cb1933bbc38d329b3595673a600fab5c7368f0a7/bin/remote-cli:/opt/ros/jazzy/opt/gz_msgs_vendor/bin:/opt/ros/jazzy/opt/gz_tools_vendor/bin:/opt/ros/jazzy/opt/gz_ogre_next_vendor/bin:/opt/ros/jazzy/bin:/usr/local/sbin:/usr/local/bin:/usr/sbin:/usr/bin:/sbin:/bin:/snap/bin:/root/.vscode-server/extensions/ms-python.debugpy-2025.16.0/bundled/scripts/noConfigScripts', 'REMOTE_CONTAINERS_SOCKETS': '["/root/.gnupg/S.gpg-agent"]', 'DISPLAY': 'host.docker.internal:0.0', 'VSCODE_DEBUGPY_ADAPTER_ENDPOINTS': '/root/.vscode-server/extensions/ms-python.debugpy-2025.16.0/.noConfigDebugAdapterEndpoints/endpoint-57149ffc683b75c1.txt', 'LANG': 'C.UTF-8', 'PYTHONSTARTUP': '/root/.vscode-server/data/User/workspaceStorage/0e186328b86f019dbd567ff16905865c/ms-python.python/pythonrc.py', 'LS_COLORS': 'rs=0:di=01;34:ln=01;36:mh=00:pi=40;33:so=01;35:do=01;35:bd=40;33;01:cd=40;33;01:or=40;31;01:mi=00:su=37;41:sg=30;43:ca=00:tw=30;42:ow=34;42:st=37;44:ex=01;32:*.tar=01;31:*.tgz=01;31:*.arc=01;31:*.arj=01;31:*.taz=01;31:*.lha=01;31:*.lz4=01;31:*.lzh=01;31:*.lzma=01;31:*.tlz=01;31:*.txz=01;31:*.tzo=01;31:*.t7z=01;31:*.zip=01;31:*.z=01;31:*.dz=01;31:*.gz=01;31:*.lrz=01;31:*.lz=01;31:*.lzo=01;31:*.xz=01;31:*.zst=01;31:*.tzst=01;31:*.bz2=01;31:*.bz=01;31:*.tbz=01;31:*.tbz2=01;31:*.tz=01;31:*.deb=01;31:*.rpm=01;31:*.jar=01;31:*.war=01;31:*.ear=01;31:*.sar=01;31:*.rar=01;31:*.alz=01;31:*.ace=01;31:*.zoo=01;31:*.cpio=01;31:*.7z=01;31:*.rz=01;31:*.cab=01;31:*.wim=01;31:*.swm=01;31:*.dwm=01;31:*.esd=01;31:*.avif=01;35:*.jpg=01;35:*.jpeg=01;35:*.mjpg=01;35:*.mjpeg=01;35:*.gif=01;35:*.bmp=01;35:*.pbm=01;35:*.pgm=01;35:*.ppm=01;35:*.tga=01;35:*.xbm=01;35:*.xpm=01;35:*.tif=01;35:*.tiff=01;35:*.png=01;35:*.svg=01;35:*.svgz=01;35:*.mng=01;35:*.pcx=01;35:*.mov=01;35:*.mpg=01;35:*.mpeg=01;35:*.m2v=01;35:*.mkv=01;35:*.webm=01;35:*.webp=01;35:*.ogm=01;35:*.mp4=01;35:*.m4v=01;35:*.mp4v=01;35:*.vob=01;35:*.qt=01;35:*.nuv=01;35:*.wmv=01;35:*.asf=01;35:*.rm=01;35:*.rmvb=01;35:*.flc=01;35:*.avi=01;35:*.fli=01;35:*.flv=01;35:*.gl=01;35:*.dl=01;35:*.xcf=01;35:*.xwd=01;35:*.yuv=01;35:*.cgm=01;35:*.emf=01;35:*.ogv=01;35:*.ogx=01;35:*.aac=00;36:*.au=00;36:*.flac=00;36:*.m4a=00;36:*.mid=00;36:*.midi=00;36:*.mka=00;36:*.mp3=00;36:*.mpc=00;36:*.ogg=00;36:*.ra=00;36:*.wav=00;36:*.oga=00;36:*.opus=00;36:*.spx=00;36:*.xspf=00;36:*~=00;90:*#=00;90:*.bak=00;90:*.crdownload=00;90:*.dpkg-dist=00;90:*.dpkg-new=00;90:*.dpkg-old=00;90:*.dpkg-tmp=00;90:*.old=00;90:*.orig=00;90:*.part=00;90:*.rej=00;90:*.rpmnew=00;90:*.rpmorig=00;90:*.rpmsave=00;90:*.swp=00;90:*.tmp=00;90:*.ucf-dist=00;90:*.ucf-new=00;90:*.ucf-old=00;90:', 'VSCODE_GIT_IPC_HANDLE': '/tmp/vscode-git-c9b6aca66b.sock', 'TERM_PROGRAM': 'vscode', 'AMENT_PREFIX_PATH': '/opt/ros/jazzy', 'SHELL': '/bin/bash', 'ROS_AUTOMATIC_DISCOVERY_RANGE': 'SUBNET', 'VSCODE_GIT_ASKPASS_EXTRA_ARGS': '', 'PWD': '/root/assignment1_rt/build/assignment1_rt', 'LC_ALL': 'C.UTF-8', 'XDG_DATA_DIRS': '/usr/local/share:/usr/share:/var/lib/snapd/desktop', 'PYTHONPATH': '/opt/ros/jazzy/lib/python3.12/site-packages', 'COLCON': '1', 'CMAKE_PREFIX_PATH': '/opt/ros/jazzy/opt/gz_launch_vendor:/opt/ros/jazzy/opt/gz_sim_vendor:/opt/ros/jazzy/opt/gz_sensors_vendor:/opt/ros/jazzy/opt/gz_physics_vendor:/opt/ros/jazzy/opt/sdformat_vendor:/opt/ros/jazzy/opt/gz_gui_vendor:/opt/ros/jazzy/opt/gz_transport_vendor:/opt/ros/jazzy/opt/gz_rendering_vendor:/opt/ros/jazzy/opt/gz_plugin_vendor:/opt/ros/jazzy/opt/gz_fuel_tools_vendor:/opt/ros/jazzy/opt/gz_msgs_vendor:/opt/ros/jazzy/opt/gz_common_vendor:/opt/ros/jazzy/opt/gz_math_vendor:/opt/ros/jazzy/opt/gz_utils_vendor:/opt/ros/jazzy/opt/gz_tools_vendor:/opt/ros/jazzy/opt/gz_ogre_next_vendor:/opt/ros/jazzy/opt/gz_dartsim_vendor:/opt/ros/jazzy/opt/gz_cmake_vendor:/opt/ros/jazzy'}), 'shell': False}
[0.099633] (-) TimerEvent: {}
[0.191901] (assignment1_rt) StdoutLine: {'line': b'[ 50%] Built target TextInterface\n'}
[0.196736] (assignment1_rt) StdoutLine: {'line': b'[ 50%] Built target ament_cmake_python_copy_assignment1_rt\n'}
[0.198889] (assignment1_rt) StdoutLine: {'line': b'[ 75%] \x1b[32mBuilding CXX object CMakeFiles/TurtlesController.dir/src/TurtlesController.cpp.o\x1b[0m\n'}
[0.199734] (-) TimerEvent: {}
[0.300028] (-) TimerEvent: {}
[0.400360] (-) TimerEvent: {}
[0.414880] (assignment1_rt) StdoutLine: {'line': b'running egg_info\n'}
[0.431411] (assignment1_rt) StdoutLine: {'line': b'writing assignment1_rt.egg-info/PKG-INFO\n'}
[0.432075] (assignment1_rt) StdoutLine: {'line': b'writing dependency_links to assignment1_rt.egg-info/dependency_links.txt\n'}
[0.432457] (assignment1_rt) StdoutLine: {'line': b'writing top-level names to assignment1_rt.egg-info/top_level.txt\n'}
[0.477451] (assignment1_rt) StdoutLine: {'line': b"reading manifest file 'assignment1_rt.egg-info/SOURCES.txt'\n"}
[0.478822] (assignment1_rt) StdoutLine: {'line': b"writing manifest file 'assignment1_rt.egg-info/SOURCES.txt'\n"}
[0.500495] (-) TimerEvent: {}
[0.507204] (assignment1_rt) StdoutLine: {'line': b'[ 75%] Built target ament_cmake_python_build_assignment1_rt_egg\n'}
[0.600711] (-) TimerEvent: {}
[0.701130] (-) TimerEvent: {}
[0.801620] (-) TimerEvent: {}
[0.902024] (-) TimerEvent: {}
[1.002463] (-) TimerEvent: {}
[1.102853] (-) TimerEvent: {}
[1.203384] (-) TimerEvent: {}
[1.303780] (-) TimerEvent: {}
[1.404221] (-) TimerEvent: {}
[1.504563] (-) TimerEvent: {}
[1.604961] (-) TimerEvent: {}
[1.705454] (-) TimerEvent: {}
[1.805999] (-) TimerEvent: {}
[1.906459] (-) TimerEvent: {}
[2.006926] (-) TimerEvent: {}
[2.107484] (-) TimerEvent: {}
[2.207988] (-) TimerEvent: {}
[2.308439] (-) TimerEvent: {}
[2.408907] (-) TimerEvent: {}
[2.509336] (-) TimerEvent: {}
[2.609757] (-) TimerEvent: {}
[2.710258] (-) TimerEvent: {}
[2.767358] (assignment1_rt) StderrLine: {'line': b'\x1b[01m\x1b[K/root/assignment1_rt/src/TurtlesController.cpp:\x1b[m\x1b[K In constructor \xe2\x80\x98\x1b[01m\x1b[KTurtlesController::\x1b[01;32m\x1b[KTurtlesController\x1b[m\x1b[K()\x1b[m\x1b[K\xe2\x80\x99:\n'}
[2.767587] (assignment1_rt) StderrLine: {'line': b'\x1b[01m\x1b[K/root/assignment1_rt/src/TurtlesController.cpp:10:9:\x1b[m\x1b[K \x1b[01;31m\x1b[Kerror: \x1b[m\x1b[K\xe2\x80\x98\x1b[01m\x1b[Ksubscription1_\x1b[m\x1b[K\xe2\x80\x99 was not declared in this scope; did you mean \xe2\x80\x98\x1b[01m\x1b[Krmw_subscriptions_t\x1b[m\x1b[K\xe2\x80\x99?\n'}
[2.767653] (assignment1_rt) StderrLine: {'line': b'   10 |         \x1b[01;31m\x1b[Ksubscription1_\x1b[m\x1b[K = this->create_subscription<turtlesim::msg::Pose>("turtle1/pose", 10,\n'}
[2.767705] (assignment1_rt) StderrLine: {'line': b'      |         \x1b[01;31m\x1b[K^~~~~~~~~~~~~~\x1b[m\x1b[K\n'}
[2.767753] (assignment1_rt) StderrLine: {'line': b'      |         \x1b[32m\x1b[Krmw_subscriptions_t\x1b[m\x1b[K\n'}
[2.804813] (assignment1_rt) StderrLine: {'line': b'\x1b[01m\x1b[K/root/assignment1_rt/src/TurtlesController.cpp:12:9:\x1b[m\x1b[K \x1b[01;31m\x1b[Kerror: \x1b[m\x1b[K\xe2\x80\x98\x1b[01m\x1b[Ksubscription2_\x1b[m\x1b[K\xe2\x80\x99 was not declared in this scope; did you mean \xe2\x80\x98\x1b[01m\x1b[Krmw_subscriptions_t\x1b[m\x1b[K\xe2\x80\x99?\n'}
[2.805117] (assignment1_rt) StderrLine: {'line': b'   12 |         \x1b[01;31m\x1b[Ksubscription2_\x1b[m\x1b[K = this->create_subscription<turtlesim::msg::Pose>("turtle2/pose", 10,\n'}
[2.805182] (assignment1_rt) StderrLine: {'line': b'      |         \x1b[01;31m\x1b[K^~~~~~~~~~~~~~\x1b[m\x1b[K\n'}
[2.805244] (assignment1_rt) StderrLine: {'line': b'      |         \x1b[32m\x1b[Krmw_subscriptions_t\x1b[m\x1b[K\n'}
[2.810355] (-) TimerEvent: {}
[2.812179] (assignment1_rt) StderrLine: {'line': b'\x1b[01m\x1b[K/root/assignment1_rt/src/TurtlesController.cpp:15:9:\x1b[m\x1b[K \x1b[01;31m\x1b[Kerror: \x1b[m\x1b[K\xe2\x80\x98\x1b[01m\x1b[Kpublisher1_\x1b[m\x1b[K\xe2\x80\x99 was not declared in this scope\n'}
[2.812388] (assignment1_rt) StderrLine: {'line': b'   15 |         \x1b[01;31m\x1b[Kpublisher1_\x1b[m\x1b[K = this->create_publisher<geometry_msgs::msg::Twist>("turtle1/cmd_vel", 10);\n'}
[2.812448] (assignment1_rt) StderrLine: {'line': b'      |         \x1b[01;31m\x1b[K^~~~~~~~~~~\x1b[m\x1b[K\n'}
[2.820959] (assignment1_rt) StderrLine: {'line': b'\x1b[01m\x1b[K/root/assignment1_rt/src/TurtlesController.cpp:16:9:\x1b[m\x1b[K \x1b[01;31m\x1b[Kerror: \x1b[m\x1b[K\xe2\x80\x98\x1b[01m\x1b[Kpublisher2_\x1b[m\x1b[K\xe2\x80\x99 was not declared in this scope\n'}
[2.821171] (assignment1_rt) StderrLine: {'line': b'   16 |         \x1b[01;31m\x1b[Kpublisher2_\x1b[m\x1b[K = this->create_publisher<geometry_msgs::msg::Twist>("turtle2/cmd_vel", 10);\n'}
[2.821235] (assignment1_rt) StderrLine: {'line': b'      |         \x1b[01;31m\x1b[K^~~~~~~~~~~\x1b[m\x1b[K\n'}
[2.832372] (assignment1_rt) StderrLine: {'line': b'\x1b[01m\x1b[K/root/assignment1_rt/src/TurtlesController.cpp:17:9:\x1b[m\x1b[K \x1b[01;31m\x1b[Kerror: \x1b[m\x1b[K\xe2\x80\x98\x1b[01m\x1b[Kpublisher_distance_\x1b[m\x1b[K\xe2\x80\x99 was not declared in this scope\n'}
[2.832613] (assignment1_rt) StderrLine: {'line': b'   17 |         \x1b[01;31m\x1b[Kpublisher_distance_\x1b[m\x1b[K = this->create_publisher<std_msgs::msg::Float32>("turtles/distance", 10);\n'}
[2.832692] (assignment1_rt) StderrLine: {'line': b'      |         \x1b[01;31m\x1b[K^~~~~~~~~~~~~~~~~~~\x1b[m\x1b[K\n'}
[2.840437] (assignment1_rt) StderrLine: {'line': b'\x1b[01m\x1b[K/root/assignment1_rt/src/TurtlesController.cpp:19:9:\x1b[m\x1b[K \x1b[01;31m\x1b[Kerror: \x1b[m\x1b[K\xe2\x80\x98\x1b[01m\x1b[Ktimer1_\x1b[m\x1b[K\xe2\x80\x99 was not declared in this scope; did you mean \xe2\x80\x98\x1b[01m\x1b[Ktimer_t\x1b[m\x1b[K\xe2\x80\x99?\n'}
[2.840644] (assignment1_rt) StderrLine: {'line': b'   19 |         \x1b[01;31m\x1b[Ktimer1_\x1b[m\x1b[K = this->create_wall_timer(std::chrono::milliseconds(100),\n'}
[2.840706] (assignment1_rt) StderrLine: {'line': b'      |         \x1b[01;31m\x1b[K^~~~~~~\x1b[m\x1b[K\n'}
[2.840759] (assignment1_rt) StderrLine: {'line': b'      |         \x1b[32m\x1b[Ktimer_t\x1b[m\x1b[K\n'}
[2.853664] (assignment1_rt) StderrLine: {'line': b'\x1b[01m\x1b[K/root/assignment1_rt/src/TurtlesController.cpp:21:9:\x1b[m\x1b[K \x1b[01;31m\x1b[Kerror: \x1b[m\x1b[K\xe2\x80\x98\x1b[01m\x1b[Ktimer2_\x1b[m\x1b[K\xe2\x80\x99 was not declared in this scope; did you mean \xe2\x80\x98\x1b[01m\x1b[Ktimer_t\x1b[m\x1b[K\xe2\x80\x99?\n'}
[2.853898] (assignment1_rt) StderrLine: {'line': b'   21 |         \x1b[01;31m\x1b[Ktimer2_\x1b[m\x1b[K = this->create_wall_timer(std::chrono::milliseconds(100),\n'}
[2.853961] (assignment1_rt) StderrLine: {'line': b'      |         \x1b[01;31m\x1b[K^~~~~~~\x1b[m\x1b[K\n'}
[2.854016] (assignment1_rt) StderrLine: {'line': b'      |         \x1b[32m\x1b[Ktimer_t\x1b[m\x1b[K\n'}
[2.861858] (assignment1_rt) StderrLine: {'line': b'\x1b[01m\x1b[K/root/assignment1_rt/src/TurtlesController.cpp:23:9:\x1b[m\x1b[K \x1b[01;31m\x1b[Kerror: \x1b[m\x1b[K\xe2\x80\x98\x1b[01m\x1b[Ktimer_distance_\x1b[m\x1b[K\xe2\x80\x99 was not declared in this scope\n'}
[2.862056] (assignment1_rt) StderrLine: {'line': b'   23 |         \x1b[01;31m\x1b[Ktimer_distance_\x1b[m\x1b[K = this->create_wall_timer(std::chrono::milliseconds(1000),\n'}
[2.862251] (assignment1_rt) StderrLine: {'line': b'      |         \x1b[01;31m\x1b[K^~~~~~~~~~~~~~~\x1b[m\x1b[K\n'}
[2.862595] (assignment1_rt) StderrLine: {'line': b'\x1b[01m\x1b[K/root/assignment1_rt/src/TurtlesController.cpp:24:39:\x1b[m\x1b[K \x1b[01;31m\x1b[Kerror: \x1b[m\x1b[K\xe2\x80\x98\x1b[01m\x1b[Ktimer_distance_callback\x1b[m\x1b[K\xe2\x80\x99 is not a member of \xe2\x80\x98\x1b[01m\x1b[KTurtlesController\x1b[m\x1b[K\xe2\x80\x99\n'}
[2.862687] (assignment1_rt) StderrLine: {'line': b'   24 |         std::bind(&TurtlesController::\x1b[01;31m\x1b[Ktimer_distance_callback\x1b[m\x1b[K, this));\n'}
[2.862744] (assignment1_rt) StderrLine: {'line': b'      |                                       \x1b[01;31m\x1b[K^~~~~~~~~~~~~~~~~~~~~~~\x1b[m\x1b[K\n'}
[2.870294] (assignment1_rt) StderrLine: {'line': b'\x1b[01m\x1b[K/root/assignment1_rt/src/TurtlesController.cpp:\x1b[m\x1b[K In member function \xe2\x80\x98\x1b[01m\x1b[Kvoid TurtlesController::\x1b[01;32m\x1b[Ktopic_callback1\x1b[m\x1b[K(turtlesim::msg::Pose_<std::allocator<void> >::SharedPtr)\x1b[m\x1b[K\xe2\x80\x99:\n'}
[2.870548] (assignment1_rt) StderrLine: {'line': b'\x1b[01m\x1b[K/root/assignment1_rt/src/TurtlesController.cpp:27:9:\x1b[m\x1b[K \x1b[01;31m\x1b[Kerror: \x1b[m\x1b[K\xe2\x80\x98\x1b[01m\x1b[Kturtle1_x_\x1b[m\x1b[K\xe2\x80\x99 was not declared in this scope\n'}
[2.870613] (assignment1_rt) StderrLine: {'line': b'   27 |         \x1b[01;31m\x1b[Kturtle1_x_\x1b[m\x1b[K = msg1->x;\n'}
[2.870664] (assignment1_rt) StderrLine: {'line': b'      |         \x1b[01;31m\x1b[K^~~~~~~~~~\x1b[m\x1b[K\n'}
[2.876072] (assignment1_rt) StderrLine: {'line': b'\x1b[01m\x1b[K/root/assignment1_rt/src/TurtlesController.cpp:28:9:\x1b[m\x1b[K \x1b[01;31m\x1b[Kerror: \x1b[m\x1b[K\xe2\x80\x98\x1b[01m\x1b[Kturtle1_y_\x1b[m\x1b[K\xe2\x80\x99 was not declared in this scope\n'}
[2.876250] (assignment1_rt) StderrLine: {'line': b'   28 |         \x1b[01;31m\x1b[Kturtle1_y_\x1b[m\x1b[K = msg1->y;\n'}
[2.876336] (assignment1_rt) StderrLine: {'line': b'      |         \x1b[01;31m\x1b[K^~~~~~~~~~\x1b[m\x1b[K\n'}
[2.882048] (assignment1_rt) StderrLine: {'line': b'\x1b[01m\x1b[K/root/assignment1_rt/src/TurtlesController.cpp:\x1b[m\x1b[K In member function \xe2\x80\x98\x1b[01m\x1b[Kvoid TurtlesController::\x1b[01;32m\x1b[Ktopic_callback2\x1b[m\x1b[K(turtlesim::msg::Pose_<std::allocator<void> >::SharedPtr)\x1b[m\x1b[K\xe2\x80\x99:\n'}
[2.882247] (assignment1_rt) StderrLine: {'line': b'\x1b[01m\x1b[K/root/assignment1_rt/src/TurtlesController.cpp:31:9:\x1b[m\x1b[K \x1b[01;31m\x1b[Kerror: \x1b[m\x1b[K\xe2\x80\x98\x1b[01m\x1b[Kturtle2_x_\x1b[m\x1b[K\xe2\x80\x99 was not declared in this scope\n'}
[2.882301] (assignment1_rt) StderrLine: {'line': b'   31 |         \x1b[01;31m\x1b[Kturtle2_x_\x1b[m\x1b[K = msg2->x;\n'}
[2.882348] (assignment1_rt) StderrLine: {'line': b'      |         \x1b[01;31m\x1b[K^~~~~~~~~~\x1b[m\x1b[K\n'}
[2.888067] (assignment1_rt) StderrLine: {'line': b'\x1b[01m\x1b[K/root/assignment1_rt/src/TurtlesController.cpp:32:9:\x1b[m\x1b[K \x1b[01;31m\x1b[Kerror: \x1b[m\x1b[K\xe2\x80\x98\x1b[01m\x1b[Kturtle2_y_\x1b[m\x1b[K\xe2\x80\x99 was not declared in this scope\n'}
[2.888235] (assignment1_rt) StderrLine: {'line': b'   32 |         \x1b[01;31m\x1b[Kturtle2_y_\x1b[m\x1b[K = msg2->y;\n'}
[2.888290] (assignment1_rt) StderrLine: {'line': b'      |         \x1b[01;31m\x1b[K^~~~~~~~~~\x1b[m\x1b[K\n'}
[2.894176] (assignment1_rt) StderrLine: {'line': b'\x1b[01m\x1b[K/root/assignment1_rt/src/TurtlesController.cpp:\x1b[m\x1b[K In member function \xe2\x80\x98\x1b[01m\x1b[Kvoid TurtlesController::\x1b[01;32m\x1b[Ktimer_callback1\x1b[m\x1b[K()\x1b[m\x1b[K\xe2\x80\x99:\n'}
[2.894345] (assignment1_rt) StderrLine: {'line': b'\x1b[01m\x1b[K/root/assignment1_rt/src/TurtlesController.cpp:36:45:\x1b[m\x1b[K \x1b[01;31m\x1b[Kerror: \x1b[m\x1b[K\xe2\x80\x98\x1b[01m\x1b[Kturtle2_x_\x1b[m\x1b[K\xe2\x80\x99 was not declared in this scope\n'}
[2.894403] (assignment1_rt) StderrLine: {'line': b'   36 |         float distance = std::sqrt(std::pow(\x1b[01;31m\x1b[Kturtle2_x_\x1b[m\x1b[K - turtle1_x_, 2) + std::pow(turtle2_y_ - turtle1_y_, 2));\n'}
[2.894452] (assignment1_rt) StderrLine: {'line': b'      |                                             \x1b[01;31m\x1b[K^~~~~~~~~~\x1b[m\x1b[K\n'}
[2.899715] (assignment1_rt) StderrLine: {'line': b'\x1b[01m\x1b[K/root/assignment1_rt/src/TurtlesController.cpp:36:58:\x1b[m\x1b[K \x1b[01;31m\x1b[Kerror: \x1b[m\x1b[K\xe2\x80\x98\x1b[01m\x1b[Kturtle1_x_\x1b[m\x1b[K\xe2\x80\x99 was not declared in this scope\n'}
[2.899856] (assignment1_rt) StderrLine: {'line': b'   36 |         float distance = std::sqrt(std::pow(turtle2_x_ - \x1b[01;31m\x1b[Kturtle1_x_\x1b[m\x1b[K, 2) + std::pow(turtle2_y_ - turtle1_y_, 2));\n'}
[2.899909] (assignment1_rt) StderrLine: {'line': b'      |                                                          \x1b[01;31m\x1b[K^~~~~~~~~~\x1b[m\x1b[K\n'}
[2.905432] (assignment1_rt) StderrLine: {'line': b'\x1b[01m\x1b[K/root/assignment1_rt/src/TurtlesController.cpp:36:84:\x1b[m\x1b[K \x1b[01;31m\x1b[Kerror: \x1b[m\x1b[K\xe2\x80\x98\x1b[01m\x1b[Kturtle2_y_\x1b[m\x1b[K\xe2\x80\x99 was not declared in this scope\n'}
[2.905584] (assignment1_rt) StderrLine: {'line': b'   36 |         float distance = std::sqrt(std::pow(turtle2_x_ - turtle1_x_, 2) + std::pow(\x1b[01;31m\x1b[Kturtle2_y_\x1b[m\x1b[K - turtle1_y_, 2));\n'}
[2.905639] (assignment1_rt) StderrLine: {'line': b'      |                                                                                    \x1b[01;31m\x1b[K^~~~~~~~~~\x1b[m\x1b[K\n'}
[2.910456] (-) TimerEvent: {}
[2.911303] (assignment1_rt) StderrLine: {'line': b'\x1b[01m\x1b[K/root/assignment1_rt/src/TurtlesController.cpp:36:97:\x1b[m\x1b[K \x1b[01;31m\x1b[Kerror: \x1b[m\x1b[K\xe2\x80\x98\x1b[01m\x1b[Kturtle1_y_\x1b[m\x1b[K\xe2\x80\x99 was not declared in this scope\n'}
[2.911474] (assignment1_rt) StderrLine: {'line': b'   36 |         float distance = std::sqrt(std::pow(turtle2_x_ - turtle1_x_, 2) + std::pow(turtle2_y_ - \x1b[01;31m\x1b[Kturtle1_y_\x1b[m\x1b[K, 2));\n'}
[2.911528] (assignment1_rt) StderrLine: {'line': b'      |                                                                                                 \x1b[01;31m\x1b[K^~~~~~~~~~\x1b[m\x1b[K\n'}
[2.916806] (assignment1_rt) StderrLine: {'line': b'\x1b[01m\x1b[K/root/assignment1_rt/src/TurtlesController.cpp:38:13:\x1b[m\x1b[K \x1b[01;31m\x1b[Kerror: \x1b[m\x1b[K\xe2\x80\x98\x1b[01m\x1b[Kmessage_\x1b[m\x1b[K\xe2\x80\x99 was not declared in this scope\n'}
[2.917008] (assignment1_rt) StderrLine: {'line': b'   38 |             \x1b[01;31m\x1b[Kmessage_\x1b[m\x1b[K.linear.x = 0.0;\n'}
[2.917079] (assignment1_rt) StderrLine: {'line': b'      |             \x1b[01;31m\x1b[K^~~~~~~~\x1b[m\x1b[K\n'}
[2.923296] (assignment1_rt) StderrLine: {'line': b'\x1b[01m\x1b[K/root/assignment1_rt/src/TurtlesController.cpp:40:13:\x1b[m\x1b[K \x1b[01;31m\x1b[Kerror: \x1b[m\x1b[K\xe2\x80\x98\x1b[01m\x1b[Kpublisher1_\x1b[m\x1b[K\xe2\x80\x99 was not declared in this scope\n'}
[2.923501] (assignment1_rt) StderrLine: {'line': b'   40 |             \x1b[01;31m\x1b[Kpublisher1_\x1b[m\x1b[K->publish(message_);\n'}
[2.923558] (assignment1_rt) StderrLine: {'line': b'      |             \x1b[01;31m\x1b[K^~~~~~~~~~~\x1b[m\x1b[K\n'}
[2.930069] (assignment1_rt) StderrLine: {'line': b'\x1b[01m\x1b[K/root/assignment1_rt/src/TurtlesController.cpp:\x1b[m\x1b[K In member function \xe2\x80\x98\x1b[01m\x1b[Kvoid TurtlesController::\x1b[01;32m\x1b[Ktimer_callback2\x1b[m\x1b[K()\x1b[m\x1b[K\xe2\x80\x99:\n'}
[2.930333] (assignment1_rt) StderrLine: {'line': b'\x1b[01m\x1b[K/root/assignment1_rt/src/TurtlesController.cpp:45:45:\x1b[m\x1b[K \x1b[01;31m\x1b[Kerror: \x1b[m\x1b[K\xe2\x80\x98\x1b[01m\x1b[Kturtle2_x_\x1b[m\x1b[K\xe2\x80\x99 was not declared in this scope\n'}
[2.930395] (assignment1_rt) StderrLine: {'line': b'   45 |         float distance = std::sqrt(std::pow(\x1b[01;31m\x1b[Kturtle2_x_\x1b[m\x1b[K - turtle1_x_, 2) + std::pow(turtle2_y_ - turtle1_y_, 2));\n'}
[2.930444] (assignment1_rt) StderrLine: {'line': b'      |                                             \x1b[01;31m\x1b[K^~~~~~~~~~\x1b[m\x1b[K\n'}
[2.937149] (assignment1_rt) StderrLine: {'line': b'\x1b[01m\x1b[K/root/assignment1_rt/src/TurtlesController.cpp:45:58:\x1b[m\x1b[K \x1b[01;31m\x1b[Kerror: \x1b[m\x1b[K\xe2\x80\x98\x1b[01m\x1b[Kturtle1_x_\x1b[m\x1b[K\xe2\x80\x99 was not declared in this scope\n'}
[2.937336] (assignment1_rt) StderrLine: {'line': b'   45 |         float distance = std::sqrt(std::pow(turtle2_x_ - \x1b[01;31m\x1b[Kturtle1_x_\x1b[m\x1b[K, 2) + std::pow(turtle2_y_ - turtle1_y_, 2));\n'}
[2.937394] (assignment1_rt) StderrLine: {'line': b'      |                                                          \x1b[01;31m\x1b[K^~~~~~~~~~\x1b[m\x1b[K\n'}
[2.942929] (assignment1_rt) StderrLine: {'line': b'\x1b[01m\x1b[K/root/assignment1_rt/src/TurtlesController.cpp:45:84:\x1b[m\x1b[K \x1b[01;31m\x1b[Kerror: \x1b[m\x1b[K\xe2\x80\x98\x1b[01m\x1b[Kturtle2_y_\x1b[m\x1b[K\xe2\x80\x99 was not declared in this scope\n'}
[2.943076] (assignment1_rt) StderrLine: {'line': b'   45 |         float distance = std::sqrt(std::pow(turtle2_x_ - turtle1_x_, 2) + std::pow(\x1b[01;31m\x1b[Kturtle2_y_\x1b[m\x1b[K - turtle1_y_, 2));\n'}
[2.943129] (assignment1_rt) StderrLine: {'line': b'      |                                                                                    \x1b[01;31m\x1b[K^~~~~~~~~~\x1b[m\x1b[K\n'}
[2.949279] (assignment1_rt) StderrLine: {'line': b'\x1b[01m\x1b[K/root/assignment1_rt/src/TurtlesController.cpp:45:97:\x1b[m\x1b[K \x1b[01;31m\x1b[Kerror: \x1b[m\x1b[K\xe2\x80\x98\x1b[01m\x1b[Kturtle1_y_\x1b[m\x1b[K\xe2\x80\x99 was not declared in this scope\n'}
[2.949476] (assignment1_rt) StderrLine: {'line': b'   45 |         float distance = std::sqrt(std::pow(turtle2_x_ - turtle1_x_, 2) + std::pow(turtle2_y_ - \x1b[01;31m\x1b[Kturtle1_y_\x1b[m\x1b[K, 2));\n'}
[2.949536] (assignment1_rt) StderrLine: {'line': b'      |                                                                                                 \x1b[01;31m\x1b[K^~~~~~~~~~\x1b[m\x1b[K\n'}
[2.955328] (assignment1_rt) StderrLine: {'line': b'\x1b[01m\x1b[K/root/assignment1_rt/src/TurtlesController.cpp:47:13:\x1b[m\x1b[K \x1b[01;31m\x1b[Kerror: \x1b[m\x1b[K\xe2\x80\x98\x1b[01m\x1b[Kmessage_\x1b[m\x1b[K\xe2\x80\x99 was not declared in this scope\n'}
[2.955520] (assignment1_rt) StderrLine: {'line': b'   47 |             \x1b[01;31m\x1b[Kmessage_\x1b[m\x1b[K.linear.x = 0.0;\n'}
[2.955577] (assignment1_rt) StderrLine: {'line': b'      |             \x1b[01;31m\x1b[K^~~~~~~~\x1b[m\x1b[K\n'}
[2.961977] (assignment1_rt) StderrLine: {'line': b'\x1b[01m\x1b[K/root/assignment1_rt/src/TurtlesController.cpp:49:13:\x1b[m\x1b[K \x1b[01;31m\x1b[Kerror: \x1b[m\x1b[K\xe2\x80\x98\x1b[01m\x1b[Kpublisher2_\x1b[m\x1b[K\xe2\x80\x99 was not declared in this scope\n'}
[2.962151] (assignment1_rt) StderrLine: {'line': b'   49 |             \x1b[01;31m\x1b[Kpublisher2_\x1b[m\x1b[K->publish(message_);\n'}
[2.962208] (assignment1_rt) StderrLine: {'line': b'      |             \x1b[01;31m\x1b[K^~~~~~~~~~~\x1b[m\x1b[K\n'}
[2.962256] (assignment1_rt) StderrLine: {'line': b'\x1b[01m\x1b[K/root/assignment1_rt/src/TurtlesController.cpp:52:5:\x1b[m\x1b[K \x1b[01;31m\x1b[Kerror: \x1b[m\x1b[Kexpected primary-expression before \xe2\x80\x98\x1b[01m\x1b[Kprivate\x1b[m\x1b[K\xe2\x80\x99\n'}
[2.962302] (assignment1_rt) StderrLine: {'line': b'   52 |     \x1b[01;31m\x1b[Kprivate\x1b[m\x1b[K: void timer_distance_callback(){\n'}
[2.962349] (assignment1_rt) StderrLine: {'line': b'      |     \x1b[01;31m\x1b[K^~~~~~~\x1b[m\x1b[K\n'}
[3.010706] (-) TimerEvent: {}
[3.111016] (-) TimerEvent: {}
[3.211438] (-) TimerEvent: {}
[3.311796] (-) TimerEvent: {}
[3.412148] (-) TimerEvent: {}
[3.512474] (-) TimerEvent: {}
[3.612834] (-) TimerEvent: {}
[3.713287] (-) TimerEvent: {}
[3.813701] (-) TimerEvent: {}
[3.914066] (-) TimerEvent: {}
[4.014526] (-) TimerEvent: {}
[4.114967] (-) TimerEvent: {}
[4.215392] (-) TimerEvent: {}
[4.315817] (-) TimerEvent: {}
[4.416151] (-) TimerEvent: {}
[4.516628] (-) TimerEvent: {}
[4.617236] (-) TimerEvent: {}
[4.717806] (-) TimerEvent: {}
[4.818284] (-) TimerEvent: {}
[4.918628] (-) TimerEvent: {}
[5.019079] (-) TimerEvent: {}
[5.119591] (-) TimerEvent: {}
[5.220269] (-) TimerEvent: {}
[5.220766] (assignment1_rt) StderrLine: {'line': b'gmake[2]: *** [CMakeFiles/TurtlesController.dir/build.make:76: CMakeFiles/TurtlesController.dir/src/TurtlesController.cpp.o] Error 1\n'}
[5.220980] (assignment1_rt) StderrLine: {'line': b'gmake[1]: *** [CMakeFiles/Makefile2:168: CMakeFiles/TurtlesController.dir/all] Error 2\n'}
[5.221283] (assignment1_rt) StderrLine: {'line': b'gmake: *** [Makefile:146: all] Error 2\n'}
[5.223629] (assignment1_rt) CommandEnded: {'returncode': 2}
[5.252962] (assignment1_rt) JobEnded: {'identifier': 'assignment1_rt', 'rc': 2}
[5.263714] (-) EventReactorShutdown: {}
