[0.000000] (-) TimerEvent: {}
[0.000619] (assignment1_rt) JobQueued: {'identifier': 'assignment1_rt', 'dependencies': OrderedDict()}
[0.000676] (assignment1_rt) JobStarted: {'identifier': 'assignment1_rt'}
[0.019173] (assignment1_rt) JobProgress: {'identifier': 'assignment1_rt', 'progress': 'cmake'}
[0.020644] (assignment1_rt) JobProgress: {'identifier': 'assignment1_rt', 'progress': 'build'}
[0.021416] (assignment1_rt) Command: {'cmd': ['/usr/bin/cmake', '--build', '/root/assignment1_rt/build/assignment1_rt', '--', '-j20', '-l20'], 'cwd': '/root/assignment1_rt/build/assignment1_rt', 'env': OrderedDict({'PYTHON_BASIC_REPL': '1', 'GZ_SIM_RESOURCE_PATH': '/home/ubuntu/gazebo_models', 'GZ_CONFIG_PATH': '/opt/ros/jazzy/opt/gz_launch_vendor/share/gz:/opt/ros/jazzy/opt/gz_sim_vendor/share/gz:/opt/ros/jazzy/opt/sdformat_vendor/share/gz:/opt/ros/jazzy/opt/gz_gui_vendor/share/gz:/opt/ros/jazzy/opt/gz_transport_vendor/share/gz:/opt/ros/jazzy/opt/gz_rendering_vendor/share/gz:/opt/ros/jazzy/opt/gz_plugin_vendor/share/gz:/opt/ros/jazzy/opt/gz_fuel_tools_vendor/share/gz:/opt/ros/jazzy/opt/gz_msgs_vendor/share/gz:/opt/ros/jazzy/opt/gz_common_vendor/share/gz', 'HOSTNAME': 'docker-desktop', 'GIT_ASKPASS': '/root/.vscode-server/bin/cb1933bbc38d329b3595673a600fab5c7368f0a7/extensions/git/dist/askpass.sh', 'SHLVL': '2', 'LD_LIBRARY_PATH': '/opt/ros/jazzy/opt/gz_launch_vendor/lib:/opt/ros/jazzy/opt/gz_sim_vendor/lib:/opt/ros/jazzy/opt/gz_sensors_vendor/lib:/opt/ros/jazzy/opt/gz_physics_vendor/lib:/opt/ros/jazzy/opt/sdformat_vendor/lib:/opt/ros/jazzy/opt/rviz_ogre_vendor/lib:/opt/ros/jazzy/lib/x86_64-linux-gnu:/opt/ros/jazzy/opt/gz_gui_vendor/lib:/opt/ros/jazzy/opt/gz_transport_vendor/lib:/opt/ros/jazzy/opt/gz_rendering_vendor/lib:/opt/ros/jazzy/opt/gz_plugin_vendor/lib:/opt/ros/jazzy/opt/gz_fuel_tools_vendor/lib:/opt/ros/jazzy/opt/gz_msgs_vendor/lib:/opt/ros/jazzy/opt/gz_common_vendor/lib:/opt/ros/jazzy/opt/gz_math_vendor/lib:/opt/ros/jazzy/opt/gz_utils_vendor/lib:/opt/ros/jazzy/opt/gz_tools_vendor/lib:/opt/ros/jazzy/opt/gz_ogre_next_vendor/lib:/opt/ros/jazzy/opt/gz_dartsim_vendor/lib:/opt/ros/jazzy/opt/gz_cmake_vendor/lib:/opt/ros/jazzy/lib', 'BROWSER': '/root/.vscode-server/bin/cb1933bbc38d329b3595673a600fab5c7368f0a7/bin/helpers/browser.sh', 'HOME': '/root', 'TERM_PROGRAM_VERSION': '1.106.1', 'VSCODE_IPC_HOOK_CLI': '/tmp/vscode-ipc-62c11cd5-32b4-4db7-a5ca-6c29bcf172c1.sock', 'ROS_PYTHON_VERSION': '3', 'VSCODE_GIT_ASKPASS_MAIN': '/root/.vscode-server/bin/cb1933bbc38d329b3595673a600fab5c7368f0a7/extensions/git/dist/askpass-main.js', 'VSCODE_GIT_ASKPASS_NODE': '/root/.vscode-server/bin/cb1933bbc38d329b3595673a600fab5c7368f0a7/node', 'PYDEVD_DISABLE_FILE_VALIDATION': '1', 'BUNDLED_DEBUGPY_PATH': '/root/.vscode-server/extensions/ms-python.debugpy-2025.16.0/bundled/libs/debugpy', 'VSCODE_PYTHON_AUTOACTIVATE_GUARD': '1', 'COLORTERM': 'truecolor', 'REMOTE_CONTAINERS': 'true', 'ROS_DISTRO': 'jazzy', 'REMOTE_CONTAINERS_IPC': '/tmp/vscode-remote-containers-ipc-202699df-bfeb-476c-a024-bd234772ea3b.sock', '_': '/usr/bin/colcon', 'ROS_VERSION': '2', 'TERM': 'xterm-256color', 'PATH': '/root/.vscode-server/data/User/globalStorage/github.copilot-chat/debugCommand:/root/.vscode-server/data/User/globalStorage/github.copilot-chat/copilotCli:/root/.vscode-server/bin/cb1933bbc38d329b3595673a600fab5c7368f0a7/bin/remote-cli:/opt/ros/jazzy/opt/gz_msgs_vendor/bin:/opt/ros/jazzy/opt/gz_tools_vendor/bin:/opt/ros/jazzy/opt/gz_ogre_next_vendor/bin:/opt/ros/jazzy/bin:/usr/local/sbin:/usr/local/bin:/usr/sbin:/usr/bin:/sbin:/bin:/snap/bin:/root/.vscode-server/extensions/ms-python.debugpy-2025.16.0/bundled/scripts/noConfigScripts', 'REMOTE_CONTAINERS_SOCKETS': '["/root/.gnupg/S.gpg-agent"]', 'DISPLAY': 'host.docker.internal:0.0', 'VSCODE_DEBUGPY_ADAPTER_ENDPOINTS': '/root/.vscode-server/extensions/ms-python.debugpy-2025.16.0/.noConfigDebugAdapterEndpoints/endpoint-57149ffc683b75c1.txt', 'LANG': 'C.UTF-8', 'PYTHONSTARTUP': '/root/.vscode-server/data/User/workspaceStorage/0e186328b86f019dbd567ff16905865c/ms-python.python/pythonrc.py', 'LS_COLORS': 'rs=0:di=01;34:ln=01;36:mh=00:pi=40;33:so=01;35:do=01;35:bd=40;33;01:cd=40;33;01:or=40;31;01:mi=00:su=37;41:sg=30;43:ca=00:tw=30;42:ow=34;42:st=37;44:ex=01;32:*.tar=01;31:*.tgz=01;31:*.arc=01;31:*.arj=01;31:*.taz=01;31:*.lha=01;31:*.lz4=01;31:*.lzh=01;31:*.lzma=01;31:*.tlz=01;31:*.txz=01;31:*.tzo=01;31:*.t7z=01;31:*.zip=01;31:*.z=01;31:*.dz=01;31:*.gz=01;31:*.lrz=01;31:*.lz=01;31:*.lzo=01;31:*.xz=01;31:*.zst=01;31:*.tzst=01;31:*.bz2=01;31:*.bz=01;31:*.tbz=01;31:*.tbz2=01;31:*.tz=01;31:*.deb=01;31:*.rpm=01;31:*.jar=01;31:*.war=01;31:*.ear=01;31:*.sar=01;31:*.rar=01;31:*.alz=01;31:*.ace=01;31:*.zoo=01;31:*.cpio=01;31:*.7z=01;31:*.rz=01;31:*.cab=01;31:*.wim=01;31:*.swm=01;31:*.dwm=01;31:*.esd=01;31:*.avif=01;35:*.jpg=01;35:*.jpeg=01;35:*.mjpg=01;35:*.mjpeg=01;35:*.gif=01;35:*.bmp=01;35:*.pbm=01;35:*.pgm=01;35:*.ppm=01;35:*.tga=01;35:*.xbm=01;35:*.xpm=01;35:*.tif=01;35:*.tiff=01;35:*.png=01;35:*.svg=01;35:*.svgz=01;35:*.mng=01;35:*.pcx=01;35:*.mov=01;35:*.mpg=01;35:*.mpeg=01;35:*.m2v=01;35:*.mkv=01;35:*.webm=01;35:*.webp=01;35:*.ogm=01;35:*.mp4=01;35:*.m4v=01;35:*.mp4v=01;35:*.vob=01;35:*.qt=01;35:*.nuv=01;35:*.wmv=01;35:*.asf=01;35:*.rm=01;35:*.rmvb=01;35:*.flc=01;35:*.avi=01;35:*.fli=01;35:*.flv=01;35:*.gl=01;35:*.dl=01;35:*.xcf=01;35:*.xwd=01;35:*.yuv=01;35:*.cgm=01;35:*.emf=01;35:*.ogv=01;35:*.ogx=01;35:*.aac=00;36:*.au=00;36:*.flac=00;36:*.m4a=00;36:*.mid=00;36:*.midi=00;36:*.mka=00;36:*.mp3=00;36:*.mpc=00;36:*.ogg=00;36:*.ra=00;36:*.wav=00;36:*.oga=00;36:*.opus=00;36:*.spx=00;36:*.xspf=00;36:*~=00;90:*#=00;90:*.bak=00;90:*.crdownload=00;90:*.dpkg-dist=00;90:*.dpkg-new=00;90:*.dpkg-old=00;90:*.dpkg-tmp=00;90:*.old=00;90:*.orig=00;90:*.part=00;90:*.rej=00;90:*.rpmnew=00;90:*.rpmorig=00;90:*.rpmsave=00;90:*.swp=00;90:*.tmp=00;90:*.ucf-dist=00;90:*.ucf-new=00;90:*.ucf-old=00;90:', 'VSCODE_GIT_IPC_HANDLE': '/tmp/vscode-git-c9b6aca66b.sock', 'TERM_PROGRAM': 'vscode', 'AMENT_PREFIX_PATH': '/opt/ros/jazzy', 'SHELL': '/bin/bash', 'ROS_AUTOMATIC_DISCOVERY_RANGE': 'SUBNET', 'VSCODE_GIT_ASKPASS_EXTRA_ARGS': '', 'PWD': '/root/assignment1_rt/build/assignment1_rt', 'LC_ALL': 'C.UTF-8', 'XDG_DATA_DIRS': '/usr/local/share:/usr/share:/var/lib/snapd/desktop', 'PYTHONPATH': '/opt/ros/jazzy/lib/python3.12/site-packages', 'COLCON': '1', 'CMAKE_PREFIX_PATH': '/opt/ros/jazzy/opt/gz_launch_vendor:/opt/ros/jazzy/opt/gz_sim_vendor:/opt/ros/jazzy/opt/gz_sensors_vendor:/opt/ros/jazzy/opt/gz_physics_vendor:/opt/ros/jazzy/opt/sdformat_vendor:/opt/ros/jazzy/opt/gz_gui_vendor:/opt/ros/jazzy/opt/gz_transport_vendor:/opt/ros/jazzy/opt/gz_rendering_vendor:/opt/ros/jazzy/opt/gz_plugin_vendor:/opt/ros/jazzy/opt/gz_fuel_tools_vendor:/opt/ros/jazzy/opt/gz_msgs_vendor:/opt/ros/jazzy/opt/gz_common_vendor:/opt/ros/jazzy/opt/gz_math_vendor:/opt/ros/jazzy/opt/gz_utils_vendor:/opt/ros/jazzy/opt/gz_tools_vendor:/opt/ros/jazzy/opt/gz_ogre_next_vendor:/opt/ros/jazzy/opt/gz_dartsim_vendor:/opt/ros/jazzy/opt/gz_cmake_vendor:/opt/ros/jazzy'}), 'shell': False}
[0.099760] (-) TimerEvent: {}
[0.188140] (assignment1_rt) StdoutLine: {'line': b'[  0%] Built target ament_cmake_python_copy_assignment1_rt\n'}
[0.190771] (assignment1_rt) StdoutLine: {'line': b'[ 25%] \x1b[32mBuilding CXX object CMakeFiles/TurtlesController.dir/src/TurtlesController.cpp.o\x1b[0m\n'}
[0.191169] (assignment1_rt) StdoutLine: {'line': b'[ 75%] Built target TextInterface\n'}
[0.199892] (-) TimerEvent: {}
[0.300192] (-) TimerEvent: {}
[0.391508] (assignment1_rt) StdoutLine: {'line': b'running egg_info\n'}
[0.400332] (-) TimerEvent: {}
[0.406564] (assignment1_rt) StdoutLine: {'line': b'writing assignment1_rt.egg-info/PKG-INFO\n'}
[0.407284] (assignment1_rt) StdoutLine: {'line': b'writing dependency_links to assignment1_rt.egg-info/dependency_links.txt\n'}
[0.407815] (assignment1_rt) StdoutLine: {'line': b'writing top-level names to assignment1_rt.egg-info/top_level.txt\n'}
[0.453211] (assignment1_rt) StdoutLine: {'line': b"reading manifest file 'assignment1_rt.egg-info/SOURCES.txt'\n"}
[0.454345] (assignment1_rt) StdoutLine: {'line': b"writing manifest file 'assignment1_rt.egg-info/SOURCES.txt'\n"}
[0.483115] (assignment1_rt) StdoutLine: {'line': b'[ 75%] Built target ament_cmake_python_build_assignment1_rt_egg\n'}
[0.500441] (-) TimerEvent: {}
[0.600825] (-) TimerEvent: {}
[0.701281] (-) TimerEvent: {}
[0.801690] (-) TimerEvent: {}
[0.902083] (-) TimerEvent: {}
[1.002694] (-) TimerEvent: {}
[1.103085] (-) TimerEvent: {}
[1.203506] (-) TimerEvent: {}
[1.303994] (-) TimerEvent: {}
[1.404484] (-) TimerEvent: {}
[1.504869] (-) TimerEvent: {}
[1.605276] (-) TimerEvent: {}
[1.705691] (-) TimerEvent: {}
[1.806305] (-) TimerEvent: {}
[1.906771] (-) TimerEvent: {}
[2.007569] (-) TimerEvent: {}
[2.107981] (-) TimerEvent: {}
[2.208488] (-) TimerEvent: {}
[2.308996] (-) TimerEvent: {}
[2.409368] (-) TimerEvent: {}
[2.509862] (-) TimerEvent: {}
[2.610261] (-) TimerEvent: {}
[2.710927] (-) TimerEvent: {}
[2.811496] (-) TimerEvent: {}
[2.881539] (assignment1_rt) StderrLine: {'line': b'\x1b[01m\x1b[K/root/assignment1_rt/src/TurtlesController.cpp:71:2:\x1b[m\x1b[K \x1b[01;31m\x1b[Kerror: \x1b[m\x1b[Kexpected \xe2\x80\x98\x1b[01m\x1b[K}\x1b[m\x1b[K\xe2\x80\x99 at end of input\n'}
[2.881861] (assignment1_rt) StderrLine: {'line': b'   71 | }\n'}
[2.881937] (assignment1_rt) StderrLine: {'line': b'      |  \x1b[01;31m\x1b[K^\x1b[m\x1b[K\n'}
[2.881991] (assignment1_rt) StderrLine: {'line': b'\x1b[01m\x1b[K/root/assignment1_rt/src/TurtlesController.cpp:8:45:\x1b[m\x1b[K \x1b[01;36m\x1b[Knote: \x1b[m\x1b[Kto match this \xe2\x80\x98\x1b[01m\x1b[K{\x1b[m\x1b[K\xe2\x80\x99\n'}
[2.882044] (assignment1_rt) StderrLine: {'line': b'    8 | class TurtlesController: public rclcpp::Node\x1b[01;36m\x1b[K{\x1b[m\x1b[K\n'}
[2.882094] (assignment1_rt) StderrLine: {'line': b'      |                                             \x1b[01;36m\x1b[K^\x1b[m\x1b[K\n'}
[2.896062] (assignment1_rt) StderrLine: {'line': b'\x1b[01m\x1b[K/root/assignment1_rt/src/TurtlesController.cpp:\x1b[m\x1b[K In constructor \xe2\x80\x98\x1b[01m\x1b[KTurtlesController::\x1b[01;32m\x1b[KTurtlesController\x1b[m\x1b[K()\x1b[m\x1b[K\xe2\x80\x99:\n'}
[2.896243] (assignment1_rt) StderrLine: {'line': b'\x1b[01m\x1b[K/root/assignment1_rt/src/TurtlesController.cpp:10:9:\x1b[m\x1b[K \x1b[01;31m\x1b[Kerror: \x1b[m\x1b[K\xe2\x80\x98\x1b[01m\x1b[Ksubscription1_\x1b[m\x1b[K\xe2\x80\x99 was not declared in this scope; did you mean \xe2\x80\x98\x1b[01m\x1b[Krmw_subscriptions_t\x1b[m\x1b[K\xe2\x80\x99?\n'}
[2.896302] (assignment1_rt) StderrLine: {'line': b'   10 |         \x1b[01;31m\x1b[Ksubscription1_\x1b[m\x1b[K = this->create_subscription<turtlesim::msg::Pose>("turtle1/pose", 10,\n'}
[2.896352] (assignment1_rt) StderrLine: {'line': b'      |         \x1b[01;31m\x1b[K^~~~~~~~~~~~~~\x1b[m\x1b[K\n'}
[2.896434] (assignment1_rt) StderrLine: {'line': b'      |         \x1b[32m\x1b[Krmw_subscriptions_t\x1b[m\x1b[K\n'}
[2.911650] (-) TimerEvent: {}
[2.935501] (assignment1_rt) StderrLine: {'line': b'\x1b[01m\x1b[K/root/assignment1_rt/src/TurtlesController.cpp:12:9:\x1b[m\x1b[K \x1b[01;31m\x1b[Kerror: \x1b[m\x1b[K\xe2\x80\x98\x1b[01m\x1b[Ksubscription2_\x1b[m\x1b[K\xe2\x80\x99 was not declared in this scope; did you mean \xe2\x80\x98\x1b[01m\x1b[Krmw_subscriptions_t\x1b[m\x1b[K\xe2\x80\x99?\n'}
[2.935730] (assignment1_rt) StderrLine: {'line': b'   12 |         \x1b[01;31m\x1b[Ksubscription2_\x1b[m\x1b[K = this->create_subscription<turtlesim::msg::Pose>("turtle2/pose", 10,\n'}
[2.935789] (assignment1_rt) StderrLine: {'line': b'      |         \x1b[01;31m\x1b[K^~~~~~~~~~~~~~\x1b[m\x1b[K\n'}
[2.935839] (assignment1_rt) StderrLine: {'line': b'      |         \x1b[32m\x1b[Krmw_subscriptions_t\x1b[m\x1b[K\n'}
[2.943342] (assignment1_rt) StderrLine: {'line': b'\x1b[01m\x1b[K/root/assignment1_rt/src/TurtlesController.cpp:15:9:\x1b[m\x1b[K \x1b[01;31m\x1b[Kerror: \x1b[m\x1b[K\xe2\x80\x98\x1b[01m\x1b[Kpublisher1_\x1b[m\x1b[K\xe2\x80\x99 was not declared in this scope\n'}
[2.943639] (assignment1_rt) StderrLine: {'line': b'   15 |         \x1b[01;31m\x1b[Kpublisher1_\x1b[m\x1b[K = this->create_publisher<geometry_msgs::msg::Twist>("turtle1/cmd_vel", 10);\n'}
[2.944028] (assignment1_rt) StderrLine: {'line': b'      |         \x1b[01;31m\x1b[K^~~~~~~~~~~\x1b[m\x1b[K\n'}
[2.953620] (assignment1_rt) StderrLine: {'line': b'\x1b[01m\x1b[K/root/assignment1_rt/src/TurtlesController.cpp:16:9:\x1b[m\x1b[K \x1b[01;31m\x1b[Kerror: \x1b[m\x1b[K\xe2\x80\x98\x1b[01m\x1b[Kpublisher2_\x1b[m\x1b[K\xe2\x80\x99 was not declared in this scope\n'}
[2.953824] (assignment1_rt) StderrLine: {'line': b'   16 |         \x1b[01;31m\x1b[Kpublisher2_\x1b[m\x1b[K = this->create_publisher<geometry_msgs::msg::Twist>("turtle2/cmd_vel", 10);\n'}
[2.953895] (assignment1_rt) StderrLine: {'line': b'      |         \x1b[01;31m\x1b[K^~~~~~~~~~~\x1b[m\x1b[K\n'}
[2.963879] (assignment1_rt) StderrLine: {'line': b'\x1b[01m\x1b[K/root/assignment1_rt/src/TurtlesController.cpp:17:9:\x1b[m\x1b[K \x1b[01;31m\x1b[Kerror: \x1b[m\x1b[K\xe2\x80\x98\x1b[01m\x1b[Kpublisher_distance_\x1b[m\x1b[K\xe2\x80\x99 was not declared in this scope\n'}
[2.964056] (assignment1_rt) StderrLine: {'line': b'   17 |         \x1b[01;31m\x1b[Kpublisher_distance_\x1b[m\x1b[K = this->create_publisher<std_msgs::msg::Float32>("turtles/distance", 10);\n'}
[2.964117] (assignment1_rt) StderrLine: {'line': b'      |         \x1b[01;31m\x1b[K^~~~~~~~~~~~~~~~~~~\x1b[m\x1b[K\n'}
[2.971898] (assignment1_rt) StderrLine: {'line': b'\x1b[01m\x1b[K/root/assignment1_rt/src/TurtlesController.cpp:19:9:\x1b[m\x1b[K \x1b[01;31m\x1b[Kerror: \x1b[m\x1b[K\xe2\x80\x98\x1b[01m\x1b[Ktimer1_\x1b[m\x1b[K\xe2\x80\x99 was not declared in this scope; did you mean \xe2\x80\x98\x1b[01m\x1b[Ktimer_t\x1b[m\x1b[K\xe2\x80\x99?\n'}
[2.972128] (assignment1_rt) StderrLine: {'line': b'   19 |         \x1b[01;31m\x1b[Ktimer1_\x1b[m\x1b[K = this->create_wall_timer(std::chrono::milliseconds(100),\n'}
[2.972188] (assignment1_rt) StderrLine: {'line': b'      |         \x1b[01;31m\x1b[K^~~~~~~\x1b[m\x1b[K\n'}
[2.972236] (assignment1_rt) StderrLine: {'line': b'      |         \x1b[32m\x1b[Ktimer_t\x1b[m\x1b[K\n'}
[2.985633] (assignment1_rt) StderrLine: {'line': b'\x1b[01m\x1b[K/root/assignment1_rt/src/TurtlesController.cpp:21:9:\x1b[m\x1b[K \x1b[01;31m\x1b[Kerror: \x1b[m\x1b[K\xe2\x80\x98\x1b[01m\x1b[Ktimer2_\x1b[m\x1b[K\xe2\x80\x99 was not declared in this scope; did you mean \xe2\x80\x98\x1b[01m\x1b[Ktimer_t\x1b[m\x1b[K\xe2\x80\x99?\n'}
[2.985886] (assignment1_rt) StderrLine: {'line': b'   21 |         \x1b[01;31m\x1b[Ktimer2_\x1b[m\x1b[K = this->create_wall_timer(std::chrono::milliseconds(100),\n'}
[2.985963] (assignment1_rt) StderrLine: {'line': b'      |         \x1b[01;31m\x1b[K^~~~~~~\x1b[m\x1b[K\n'}
[2.986025] (assignment1_rt) StderrLine: {'line': b'      |         \x1b[32m\x1b[Ktimer_t\x1b[m\x1b[K\n'}
[2.993746] (assignment1_rt) StderrLine: {'line': b'\x1b[01m\x1b[K/root/assignment1_rt/src/TurtlesController.cpp:23:9:\x1b[m\x1b[K \x1b[01;31m\x1b[Kerror: \x1b[m\x1b[K\xe2\x80\x98\x1b[01m\x1b[Ktimer_distance_\x1b[m\x1b[K\xe2\x80\x99 was not declared in this scope\n'}
[2.993998] (assignment1_rt) StderrLine: {'line': b'   23 |         \x1b[01;31m\x1b[Ktimer_distance_\x1b[m\x1b[K = this->create_wall_timer(std::chrono::milliseconds(1000),\n'}
[2.994148] (assignment1_rt) StderrLine: {'line': b'      |         \x1b[01;31m\x1b[K^~~~~~~~~~~~~~~\x1b[m\x1b[K\n'}
[2.994397] (assignment1_rt) StderrLine: {'line': b'\x1b[01m\x1b[K/root/assignment1_rt/src/TurtlesController.cpp:24:39:\x1b[m\x1b[K \x1b[01;31m\x1b[Kerror: \x1b[m\x1b[K\xe2\x80\x98\x1b[01m\x1b[Ktimer_distance_callback\x1b[m\x1b[K\xe2\x80\x99 is not a member of \xe2\x80\x98\x1b[01m\x1b[KTurtlesController\x1b[m\x1b[K\xe2\x80\x99\n'}
[2.994507] (assignment1_rt) StderrLine: {'line': b'   24 |         std::bind(&TurtlesController::\x1b[01;31m\x1b[Ktimer_distance_callback\x1b[m\x1b[K, this));\n'}
[2.994613] (assignment1_rt) StderrLine: {'line': b'      |                                       \x1b[01;31m\x1b[K^~~~~~~~~~~~~~~~~~~~~~~\x1b[m\x1b[K\n'}
[3.001563] (assignment1_rt) StderrLine: {'line': b'\x1b[01m\x1b[K/root/assignment1_rt/src/TurtlesController.cpp:\x1b[m\x1b[K In member function \xe2\x80\x98\x1b[01m\x1b[Kvoid TurtlesController::\x1b[01;32m\x1b[Ktopic_callback1\x1b[m\x1b[K(turtlesim::msg::Pose_<std::allocator<void> >::SharedPtr)\x1b[m\x1b[K\xe2\x80\x99:\n'}
[3.001744] (assignment1_rt) StderrLine: {'line': b'\x1b[01m\x1b[K/root/assignment1_rt/src/TurtlesController.cpp:27:9:\x1b[m\x1b[K \x1b[01;31m\x1b[Kerror: \x1b[m\x1b[K\xe2\x80\x98\x1b[01m\x1b[Kturtle1_x_\x1b[m\x1b[K\xe2\x80\x99 was not declared in this scope\n'}
[3.001804] (assignment1_rt) StderrLine: {'line': b'   27 |         \x1b[01;31m\x1b[Kturtle1_x_\x1b[m\x1b[K = msg1->x;\n'}
[3.001852] (assignment1_rt) StderrLine: {'line': b'      |         \x1b[01;31m\x1b[K^~~~~~~~~~\x1b[m\x1b[K\n'}
[3.007245] (assignment1_rt) StderrLine: {'line': b'\x1b[01m\x1b[K/root/assignment1_rt/src/TurtlesController.cpp:28:9:\x1b[m\x1b[K \x1b[01;31m\x1b[Kerror: \x1b[m\x1b[K\xe2\x80\x98\x1b[01m\x1b[Kturtle1_y_\x1b[m\x1b[K\xe2\x80\x99 was not declared in this scope\n'}
[3.007407] (assignment1_rt) StderrLine: {'line': b'   28 |         \x1b[01;31m\x1b[Kturtle1_y_\x1b[m\x1b[K = msg1->y;\n'}
[3.007462] (assignment1_rt) StderrLine: {'line': b'      |         \x1b[01;31m\x1b[K^~~~~~~~~~\x1b[m\x1b[K\n'}
[3.011747] (-) TimerEvent: {}
[3.013151] (assignment1_rt) StderrLine: {'line': b'\x1b[01m\x1b[K/root/assignment1_rt/src/TurtlesController.cpp:\x1b[m\x1b[K In member function \xe2\x80\x98\x1b[01m\x1b[Kvoid TurtlesController::\x1b[01;32m\x1b[Ktopic_callback2\x1b[m\x1b[K(turtlesim::msg::Pose_<std::allocator<void> >::SharedPtr)\x1b[m\x1b[K\xe2\x80\x99:\n'}
[3.013298] (assignment1_rt) StderrLine: {'line': b'\x1b[01m\x1b[K/root/assignment1_rt/src/TurtlesController.cpp:31:9:\x1b[m\x1b[K \x1b[01;31m\x1b[Kerror: \x1b[m\x1b[K\xe2\x80\x98\x1b[01m\x1b[Kturtle2_x_\x1b[m\x1b[K\xe2\x80\x99 was not declared in this scope\n'}
[3.013355] (assignment1_rt) StderrLine: {'line': b'   31 |         \x1b[01;31m\x1b[Kturtle2_x_\x1b[m\x1b[K = msg2->x;\n'}
[3.013404] (assignment1_rt) StderrLine: {'line': b'      |         \x1b[01;31m\x1b[K^~~~~~~~~~\x1b[m\x1b[K\n'}
[3.018695] (assignment1_rt) StderrLine: {'line': b'\x1b[01m\x1b[K/root/assignment1_rt/src/TurtlesController.cpp:32:9:\x1b[m\x1b[K \x1b[01;31m\x1b[Kerror: \x1b[m\x1b[K\xe2\x80\x98\x1b[01m\x1b[Kturtle2_y_\x1b[m\x1b[K\xe2\x80\x99 was not declared in this scope\n'}
[3.018857] (assignment1_rt) StderrLine: {'line': b'   32 |         \x1b[01;31m\x1b[Kturtle2_y_\x1b[m\x1b[K = msg2->y;\n'}
[3.018916] (assignment1_rt) StderrLine: {'line': b'      |         \x1b[01;31m\x1b[K^~~~~~~~~~\x1b[m\x1b[K\n'}
[3.025098] (assignment1_rt) StderrLine: {'line': b'\x1b[01m\x1b[K/root/assignment1_rt/src/TurtlesController.cpp:\x1b[m\x1b[K In member function \xe2\x80\x98\x1b[01m\x1b[Kvoid TurtlesController::\x1b[01;32m\x1b[Ktimer_callback1\x1b[m\x1b[K()\x1b[m\x1b[K\xe2\x80\x99:\n'}
[3.025307] (assignment1_rt) StderrLine: {'line': b'\x1b[01m\x1b[K/root/assignment1_rt/src/TurtlesController.cpp:36:45:\x1b[m\x1b[K \x1b[01;31m\x1b[Kerror: \x1b[m\x1b[K\xe2\x80\x98\x1b[01m\x1b[Kturtle2_x_\x1b[m\x1b[K\xe2\x80\x99 was not declared in this scope\n'}
[3.025367] (assignment1_rt) StderrLine: {'line': b'   36 |         float distance = std::sqrt(std::pow(\x1b[01;31m\x1b[Kturtle2_x_\x1b[m\x1b[K - turtle1_x_, 2) + std::pow(turtle2_y_ - turtle1_y_, 2));\n'}
[3.025419] (assignment1_rt) StderrLine: {'line': b'      |                                             \x1b[01;31m\x1b[K^~~~~~~~~~\x1b[m\x1b[K\n'}
[3.031295] (assignment1_rt) StderrLine: {'line': b'\x1b[01m\x1b[K/root/assignment1_rt/src/TurtlesController.cpp:36:58:\x1b[m\x1b[K \x1b[01;31m\x1b[Kerror: \x1b[m\x1b[K\xe2\x80\x98\x1b[01m\x1b[Kturtle1_x_\x1b[m\x1b[K\xe2\x80\x99 was not declared in this scope\n'}
[3.031511] (assignment1_rt) StderrLine: {'line': b'   36 |         float distance = std::sqrt(std::pow(turtle2_x_ - \x1b[01;31m\x1b[Kturtle1_x_\x1b[m\x1b[K, 2) + std::pow(turtle2_y_ - turtle1_y_, 2));\n'}
[3.031588] (assignment1_rt) StderrLine: {'line': b'      |                                                          \x1b[01;31m\x1b[K^~~~~~~~~~\x1b[m\x1b[K\n'}
[3.037893] (assignment1_rt) StderrLine: {'line': b'\x1b[01m\x1b[K/root/assignment1_rt/src/TurtlesController.cpp:36:84:\x1b[m\x1b[K \x1b[01;31m\x1b[Kerror: \x1b[m\x1b[K\xe2\x80\x98\x1b[01m\x1b[Kturtle2_y_\x1b[m\x1b[K\xe2\x80\x99 was not declared in this scope\n'}
[3.038083] (assignment1_rt) StderrLine: {'line': b'   36 |         float distance = std::sqrt(std::pow(turtle2_x_ - turtle1_x_, 2) + std::pow(\x1b[01;31m\x1b[Kturtle2_y_\x1b[m\x1b[K - turtle1_y_, 2));\n'}
[3.038235] (assignment1_rt) StderrLine: {'line': b'      |                                                                                    \x1b[01;31m\x1b[K^~~~~~~~~~\x1b[m\x1b[K\n'}
[3.044021] (assignment1_rt) StderrLine: {'line': b'\x1b[01m\x1b[K/root/assignment1_rt/src/TurtlesController.cpp:36:97:\x1b[m\x1b[K \x1b[01;31m\x1b[Kerror: \x1b[m\x1b[K\xe2\x80\x98\x1b[01m\x1b[Kturtle1_y_\x1b[m\x1b[K\xe2\x80\x99 was not declared in this scope\n'}
[3.044201] (assignment1_rt) StderrLine: {'line': b'   36 |         float distance = std::sqrt(std::pow(turtle2_x_ - turtle1_x_, 2) + std::pow(turtle2_y_ - \x1b[01;31m\x1b[Kturtle1_y_\x1b[m\x1b[K, 2));\n'}
[3.044262] (assignment1_rt) StderrLine: {'line': b'      |                                                                                                 \x1b[01;31m\x1b[K^~~~~~~~~~\x1b[m\x1b[K\n'}
[3.049582] (assignment1_rt) StderrLine: {'line': b'\x1b[01m\x1b[K/root/assignment1_rt/src/TurtlesController.cpp:38:13:\x1b[m\x1b[K \x1b[01;31m\x1b[Kerror: \x1b[m\x1b[K\xe2\x80\x98\x1b[01m\x1b[Kmessage_\x1b[m\x1b[K\xe2\x80\x99 was not declared in this scope\n'}
[3.049746] (assignment1_rt) StderrLine: {'line': b'   38 |             \x1b[01;31m\x1b[Kmessage_\x1b[m\x1b[K.linear.x = 0.0;\n'}
[3.049803] (assignment1_rt) StderrLine: {'line': b'      |             \x1b[01;31m\x1b[K^~~~~~~~\x1b[m\x1b[K\n'}
[3.055850] (assignment1_rt) StderrLine: {'line': b'\x1b[01m\x1b[K/root/assignment1_rt/src/TurtlesController.cpp:40:13:\x1b[m\x1b[K \x1b[01;31m\x1b[Kerror: \x1b[m\x1b[K\xe2\x80\x98\x1b[01m\x1b[Kpublisher1_\x1b[m\x1b[K\xe2\x80\x99 was not declared in this scope\n'}
[3.056020] (assignment1_rt) StderrLine: {'line': b'   40 |             \x1b[01;31m\x1b[Kpublisher1_\x1b[m\x1b[K->publish(message_);\n'}
[3.056077] (assignment1_rt) StderrLine: {'line': b'      |             \x1b[01;31m\x1b[K^~~~~~~~~~~\x1b[m\x1b[K\n'}
[3.061745] (assignment1_rt) StderrLine: {'line': b'\x1b[01m\x1b[K/root/assignment1_rt/src/TurtlesController.cpp:\x1b[m\x1b[K In member function \xe2\x80\x98\x1b[01m\x1b[Kvoid TurtlesController::\x1b[01;32m\x1b[Ktimer_callback2\x1b[m\x1b[K()\x1b[m\x1b[K\xe2\x80\x99:\n'}
[3.061957] (assignment1_rt) StderrLine: {'line': b'\x1b[01m\x1b[K/root/assignment1_rt/src/TurtlesController.cpp:45:45:\x1b[m\x1b[K \x1b[01;31m\x1b[Kerror: \x1b[m\x1b[K\xe2\x80\x98\x1b[01m\x1b[Kturtle2_x_\x1b[m\x1b[K\xe2\x80\x99 was not declared in this scope\n'}
[3.062089] (assignment1_rt) StderrLine: {'line': b'   45 |         float distance = std::sqrt(std::pow(\x1b[01;31m\x1b[Kturtle2_x_\x1b[m\x1b[K - turtle1_x_, 2) + std::pow(turtle2_y_ - turtle1_y_, 2));\n'}
[3.062181] (assignment1_rt) StderrLine: {'line': b'      |                                             \x1b[01;31m\x1b[K^~~~~~~~~~\x1b[m\x1b[K\n'}
[3.067395] (assignment1_rt) StderrLine: {'line': b'\x1b[01m\x1b[K/root/assignment1_rt/src/TurtlesController.cpp:45:58:\x1b[m\x1b[K \x1b[01;31m\x1b[Kerror: \x1b[m\x1b[K\xe2\x80\x98\x1b[01m\x1b[Kturtle1_x_\x1b[m\x1b[K\xe2\x80\x99 was not declared in this scope\n'}
[3.067606] (assignment1_rt) StderrLine: {'line': b'   45 |         float distance = std::sqrt(std::pow(turtle2_x_ - \x1b[01;31m\x1b[Kturtle1_x_\x1b[m\x1b[K, 2) + std::pow(turtle2_y_ - turtle1_y_, 2));\n'}
[3.067668] (assignment1_rt) StderrLine: {'line': b'      |                                                          \x1b[01;31m\x1b[K^~~~~~~~~~\x1b[m\x1b[K\n'}
[3.072992] (assignment1_rt) StderrLine: {'line': b'\x1b[01m\x1b[K/root/assignment1_rt/src/TurtlesController.cpp:45:84:\x1b[m\x1b[K \x1b[01;31m\x1b[Kerror: \x1b[m\x1b[K\xe2\x80\x98\x1b[01m\x1b[Kturtle2_y_\x1b[m\x1b[K\xe2\x80\x99 was not declared in this scope\n'}
[3.073157] (assignment1_rt) StderrLine: {'line': b'   45 |         float distance = std::sqrt(std::pow(turtle2_x_ - turtle1_x_, 2) + std::pow(\x1b[01;31m\x1b[Kturtle2_y_\x1b[m\x1b[K - turtle1_y_, 2));\n'}
[3.073223] (assignment1_rt) StderrLine: {'line': b'      |                                                                                    \x1b[01;31m\x1b[K^~~~~~~~~~\x1b[m\x1b[K\n'}
[3.079455] (assignment1_rt) StderrLine: {'line': b'\x1b[01m\x1b[K/root/assignment1_rt/src/TurtlesController.cpp:45:97:\x1b[m\x1b[K \x1b[01;31m\x1b[Kerror: \x1b[m\x1b[K\xe2\x80\x98\x1b[01m\x1b[Kturtle1_y_\x1b[m\x1b[K\xe2\x80\x99 was not declared in this scope\n'}
[3.079649] (assignment1_rt) StderrLine: {'line': b'   45 |         float distance = std::sqrt(std::pow(turtle2_x_ - turtle1_x_, 2) + std::pow(turtle2_y_ - \x1b[01;31m\x1b[Kturtle1_y_\x1b[m\x1b[K, 2));\n'}
[3.079704] (assignment1_rt) StderrLine: {'line': b'      |                                                                                                 \x1b[01;31m\x1b[K^~~~~~~~~~\x1b[m\x1b[K\n'}
[3.085104] (assignment1_rt) StderrLine: {'line': b'\x1b[01m\x1b[K/root/assignment1_rt/src/TurtlesController.cpp:47:13:\x1b[m\x1b[K \x1b[01;31m\x1b[Kerror: \x1b[m\x1b[K\xe2\x80\x98\x1b[01m\x1b[Kmessage_\x1b[m\x1b[K\xe2\x80\x99 was not declared in this scope\n'}
[3.085279] (assignment1_rt) StderrLine: {'line': b'   47 |             \x1b[01;31m\x1b[Kmessage_\x1b[m\x1b[K.linear.x = 0.0;\n'}
[3.085343] (assignment1_rt) StderrLine: {'line': b'      |             \x1b[01;31m\x1b[K^~~~~~~~\x1b[m\x1b[K\n'}
[3.091969] (assignment1_rt) StderrLine: {'line': b'\x1b[01m\x1b[K/root/assignment1_rt/src/TurtlesController.cpp:49:13:\x1b[m\x1b[K \x1b[01;31m\x1b[Kerror: \x1b[m\x1b[K\xe2\x80\x98\x1b[01m\x1b[Kpublisher2_\x1b[m\x1b[K\xe2\x80\x99 was not declared in this scope\n'}
[3.092147] (assignment1_rt) StderrLine: {'line': b'   49 |             \x1b[01;31m\x1b[Kpublisher2_\x1b[m\x1b[K->publish(message_);\n'}
[3.092204] (assignment1_rt) StderrLine: {'line': b'      |             \x1b[01;31m\x1b[K^~~~~~~~~~~\x1b[m\x1b[K\n'}
[3.092251] (assignment1_rt) StderrLine: {'line': b'\x1b[01m\x1b[K/root/assignment1_rt/src/TurtlesController.cpp:52:5:\x1b[m\x1b[K \x1b[01;31m\x1b[Kerror: \x1b[m\x1b[Kexpected primary-expression before \xe2\x80\x98\x1b[01m\x1b[Kprivate\x1b[m\x1b[K\xe2\x80\x99\n'}
[3.092298] (assignment1_rt) StderrLine: {'line': b'   52 |     \x1b[01;31m\x1b[Kprivate\x1b[m\x1b[K: void timer_distance_callback(){\n'}
[3.092344] (assignment1_rt) StderrLine: {'line': b'      |     \x1b[01;31m\x1b[K^~~~~~~\x1b[m\x1b[K\n'}
[3.103126] (assignment1_rt) StderrLine: {'line': b'\x1b[01m\x1b[K/root/assignment1_rt/src/TurtlesController.cpp:\x1b[m\x1b[K At global scope:\n'}
[3.103330] (assignment1_rt) StderrLine: {'line': b'\x1b[01m\x1b[K/root/assignment1_rt/src/TurtlesController.cpp:71:2:\x1b[m\x1b[K \x1b[01;31m\x1b[Kerror: \x1b[m\x1b[Kexpected unqualified-id at end of input\n'}
[3.103547] (assignment1_rt) StderrLine: {'line': b'   71 | }\n'}
[3.103607] (assignment1_rt) StderrLine: {'line': b'      |  \x1b[01;31m\x1b[K^\x1b[m\x1b[K\n'}
[3.111905] (-) TimerEvent: {}
[3.212229] (-) TimerEvent: {}
[3.312727] (-) TimerEvent: {}
[3.413119] (-) TimerEvent: {}
[3.513466] (-) TimerEvent: {}
[3.613891] (-) TimerEvent: {}
[3.714276] (-) TimerEvent: {}
[3.814672] (-) TimerEvent: {}
[3.915112] (-) TimerEvent: {}
[4.015548] (-) TimerEvent: {}
[4.116028] (-) TimerEvent: {}
[4.216367] (-) TimerEvent: {}
[4.316757] (-) TimerEvent: {}
[4.417196] (-) TimerEvent: {}
[4.517597] (-) TimerEvent: {}
[4.618130] (-) TimerEvent: {}
[4.718573] (-) TimerEvent: {}
[4.818997] (-) TimerEvent: {}
[4.919424] (-) TimerEvent: {}
[5.019906] (-) TimerEvent: {}
[5.120345] (-) TimerEvent: {}
[5.220707] (-) TimerEvent: {}
[5.321118] (-) TimerEvent: {}
[5.421476] (-) TimerEvent: {}
[5.442874] (assignment1_rt) StderrLine: {'line': b'gmake[2]: *** [CMakeFiles/TurtlesController.dir/build.make:76: CMakeFiles/TurtlesController.dir/src/TurtlesController.cpp.o] Error 1\n'}
[5.443242] (assignment1_rt) StderrLine: {'line': b'gmake[1]: *** [CMakeFiles/Makefile2:168: CMakeFiles/TurtlesController.dir/all] Error 2\n'}
[5.443506] (assignment1_rt) StderrLine: {'line': b'gmake: *** [Makefile:146: all] Error 2\n'}
[5.445646] (assignment1_rt) CommandEnded: {'returncode': 2}
[5.470763] (assignment1_rt) JobEnded: {'identifier': 'assignment1_rt', 'rc': 2}
[5.472286] (-) EventReactorShutdown: {}
