[ 50%] Built target TextInterface
[ 50%] Built target ament_cmake_python_copy_assignment1_rt
[ 75%] [32mBuilding CXX object CMakeFiles/TurtlesController.dir/src/TurtlesController.cpp.o[0m
running egg_info
writing assignment1_rt.egg-info/PKG-INFO
writing dependency_links to assignment1_rt.egg-info/dependency_links.txt
writing top-level names to assignment1_rt.egg-info/top_level.txt
reading manifest file 'assignment1_rt.egg-info/SOURCES.txt'
writing manifest file 'assignment1_rt.egg-info/SOURCES.txt'
[ 75%] Built target ament_cmake_python_build_assignment1_rt_egg
[01m[K/root/assignment1_rt/src/TurtlesController.cpp:[m[K In constructor â€˜[01m[KTurtlesController::[01;32m[KTurtlesController[m[K()[m[Kâ€™:
[01m[K/root/assignment1_rt/src/TurtlesController.cpp:10:9:[m[K [01;31m[Kerror: [m[Kâ€˜[01m[Ksubscription1_[m[Kâ€™ was not declared in this scope; did you mean â€˜[01m[Krmw_subscriptions_t[m[Kâ€™?
   10 |         [01;31m[Ksubscription1_[m[K = this->create_subscription<turtlesim::msg::Pose>("turtle1/pose", 10,
      |         [01;31m[K^~~~~~~~~~~~~~[m[K
      |         [32m[Krmw_subscriptions_t[m[K
[01m[K/root/assignment1_rt/src/TurtlesController.cpp:12:9:[m[K [01;31m[Kerror: [m[Kâ€˜[01m[Ksubscription2_[m[Kâ€™ was not declared in this scope; did you mean â€˜[01m[Krmw_subscriptions_t[m[Kâ€™?
   12 |         [01;31m[Ksubscription2_[m[K = this->create_subscription<turtlesim::msg::Pose>("turtle2/pose", 10,
      |         [01;31m[K^~~~~~~~~~~~~~[m[K
      |         [32m[Krmw_subscriptions_t[m[K
[01m[K/root/assignment1_rt/src/TurtlesController.cpp:15:9:[m[K [01;31m[Kerror: [m[Kâ€˜[01m[Kpublisher1_[m[Kâ€™ was not declared in this scope
   15 |         [01;31m[Kpublisher1_[m[K = this->create_publisher<geometry_msgs::msg::Twist>("turtle1/cmd_vel", 10);
      |         [01;31m[K^~~~~~~~~~~[m[K
[01m[K/root/assignment1_rt/src/TurtlesController.cpp:16:9:[m[K [01;31m[Kerror: [m[Kâ€˜[01m[Kpublisher2_[m[Kâ€™ was not declared in this scope
   16 |         [01;31m[Kpublisher2_[m[K = this->create_publisher<geometry_msgs::msg::Twist>("turtle2/cmd_vel", 10);
      |         [01;31m[K^~~~~~~~~~~[m[K
[01m[K/root/assignment1_rt/src/TurtlesController.cpp:17:9:[m[K [01;31m[Kerror: [m[Kâ€˜[01m[Kpublisher_distance_[m[Kâ€™ was not declared in this scope
   17 |         [01;31m[Kpublisher_distance_[m[K = this->create_publisher<std_msgs::msg::Float32>("turtles/distance", 10);
      |         [01;31m[K^~~~~~~~~~~~~~~~~~~[m[K
[01m[K/root/assignment1_rt/src/TurtlesController.cpp:19:9:[m[K [01;31m[Kerror: [m[Kâ€˜[01m[Ktimer1_[m[Kâ€™ was not declared in this scope; did you mean â€˜[01m[Ktimer_t[m[Kâ€™?
   19 |         [01;31m[Ktimer1_[m[K = this->create_wall_timer(std::chrono::milliseconds(100),
      |         [01;31m[K^~~~~~~[m[K
      |         [32m[Ktimer_t[m[K
[01m[K/root/assignment1_rt/src/TurtlesController.cpp:21:9:[m[K [01;31m[Kerror: [m[Kâ€˜[01m[Ktimer2_[m[Kâ€™ was not declared in this scope; did you mean â€˜[01m[Ktimer_t[m[Kâ€™?
   21 |         [01;31m[Ktimer2_[m[K = this->create_wall_timer(std::chrono::milliseconds(100),
      |         [01;31m[K^~~~~~~[m[K
      |         [32m[Ktimer_t[m[K
[01m[K/root/assignment1_rt/src/TurtlesController.cpp:23:9:[m[K [01;31m[Kerror: [m[Kâ€˜[01m[Ktimer_distance_[m[Kâ€™ was not declared in this scope
   23 |         [01;31m[Ktimer_distance_[m[K = this->create_wall_timer(std::chrono::milliseconds(1000),
      |         [01;31m[K^~~~~~~~~~~~~~~[m[K
[01m[K/root/assignment1_rt/src/TurtlesController.cpp:24:39:[m[K [01;31m[Kerror: [m[Kâ€˜[01m[Ktimer_distance_callback[m[Kâ€™ is not a member of â€˜[01m[KTurtlesController[m[Kâ€™
   24 |         std::bind(&TurtlesController::[01;31m[Ktimer_distance_callback[m[K, this));
      |                                       [01;31m[K^~~~~~~~~~~~~~~~~~~~~~~[m[K
[01m[K/root/assignment1_rt/src/TurtlesController.cpp:[m[K In member function â€˜[01m[Kvoid TurtlesController::[01;32m[Ktopic_callback1[m[K(turtlesim::msg::Pose_<std::allocator<void> >::SharedPtr)[m[Kâ€™:
[01m[K/root/assignment1_rt/src/TurtlesController.cpp:27:9:[m[K [01;31m[Kerror: [m[Kâ€˜[01m[Kturtle1_x_[m[Kâ€™ was not declared in this scope
   27 |         [01;31m[Kturtle1_x_[m[K = msg1->x;
      |         [01;31m[K^~~~~~~~~~[m[K
[01m[K/root/assignment1_rt/src/TurtlesController.cpp:28:9:[m[K [01;31m[Kerror: [m[Kâ€˜[01m[Kturtle1_y_[m[Kâ€™ was not declared in this scope
   28 |         [01;31m[Kturtle1_y_[m[K = msg1->y;
      |         [01;31m[K^~~~~~~~~~[m[K
[01m[K/root/assignment1_rt/src/TurtlesController.cpp:[m[K In member function â€˜[01m[Kvoid TurtlesController::[01;32m[Ktopic_callback2[m[K(turtlesim::msg::Pose_<std::allocator<void> >::SharedPtr)[m[Kâ€™:
[01m[K/root/assignment1_rt/src/TurtlesController.cpp:31:9:[m[K [01;31m[Kerror: [m[Kâ€˜[01m[Kturtle2_x_[m[Kâ€™ was not declared in this scope
   31 |         [01;31m[Kturtle2_x_[m[K = msg2->x;
      |         [01;31m[K^~~~~~~~~~[m[K
[01m[K/root/assignment1_rt/src/TurtlesController.cpp:32:9:[m[K [01;31m[Kerror: [m[Kâ€˜[01m[Kturtle2_y_[m[Kâ€™ was not declared in this scope
   32 |         [01;31m[Kturtle2_y_[m[K = msg2->y;
      |         [01;31m[K^~~~~~~~~~[m[K
[01m[K/root/assignment1_rt/src/TurtlesController.cpp:[m[K In member function â€˜[01m[Kvoid TurtlesController::[01;32m[Ktimer_callback1[m[K()[m[Kâ€™:
[01m[K/root/assignment1_rt/src/TurtlesController.cpp:36:45:[m[K [01;31m[Kerror: [m[Kâ€˜[01m[Kturtle2_x_[m[Kâ€™ was not declared in this scope
   36 |         float distance = std::sqrt(std::pow([01;31m[Kturtle2_x_[m[K - turtle1_x_, 2) + std::pow(turtle2_y_ - turtle1_y_, 2));
      |                                             [01;31m[K^~~~~~~~~~[m[K
[01m[K/root/assignment1_rt/src/TurtlesController.cpp:36:58:[m[K [01;31m[Kerror: [m[Kâ€˜[01m[Kturtle1_x_[m[Kâ€™ was not declared in this scope
   36 |         float distance = std::sqrt(std::pow(turtle2_x_ - [01;31m[Kturtle1_x_[m[K, 2) + std::pow(turtle2_y_ - turtle1_y_, 2));
      |                                                          [01;31m[K^~~~~~~~~~[m[K
[01m[K/root/assignment1_rt/src/TurtlesController.cpp:36:84:[m[K [01;31m[Kerror: [m[Kâ€˜[01m[Kturtle2_y_[m[Kâ€™ was not declared in this scope
   36 |         float distance = std::sqrt(std::pow(turtle2_x_ - turtle1_x_, 2) + std::pow([01;31m[Kturtle2_y_[m[K - turtle1_y_, 2));
      |                                                                                    [01;31m[K^~~~~~~~~~[m[K
[01m[K/root/assignment1_rt/src/TurtlesController.cpp:36:97:[m[K [01;31m[Kerror: [m[Kâ€˜[01m[Kturtle1_y_[m[Kâ€™ was not declared in this scope
   36 |         float distance = std::sqrt(std::pow(turtle2_x_ - turtle1_x_, 2) + std::pow(turtle2_y_ - [01;31m[Kturtle1_y_[m[K, 2));
      |                                                                                                 [01;31m[K^~~~~~~~~~[m[K
[01m[K/root/assignment1_rt/src/TurtlesController.cpp:38:13:[m[K [01;31m[Kerror: [m[Kâ€˜[01m[Kmessage_[m[Kâ€™ was not declared in this scope
   38 |             [01;31m[Kmessage_[m[K.linear.x = 0.0;
      |             [01;31m[K^~~~~~~~[m[K
[01m[K/root/assignment1_rt/src/TurtlesController.cpp:40:13:[m[K [01;31m[Kerror: [m[Kâ€˜[01m[Kpublisher1_[m[Kâ€™ was not declared in this scope
   40 |             [01;31m[Kpublisher1_[m[K->publish(message_);
      |             [01;31m[K^~~~~~~~~~~[m[K
[01m[K/root/assignment1_rt/src/TurtlesController.cpp:[m[K In member function â€˜[01m[Kvoid TurtlesController::[01;32m[Ktimer_callback2[m[K()[m[Kâ€™:
[01m[K/root/assignment1_rt/src/TurtlesController.cpp:45:45:[m[K [01;31m[Kerror: [m[Kâ€˜[01m[Kturtle2_x_[m[Kâ€™ was not declared in this scope
   45 |         float distance = std::sqrt(std::pow([01;31m[Kturtle2_x_[m[K - turtle1_x_, 2) + std::pow(turtle2_y_ - turtle1_y_, 2));
      |                                             [01;31m[K^~~~~~~~~~[m[K
[01m[K/root/assignment1_rt/src/TurtlesController.cpp:45:58:[m[K [01;31m[Kerror: [m[Kâ€˜[01m[Kturtle1_x_[m[Kâ€™ was not declared in this scope
   45 |         float distance = std::sqrt(std::pow(turtle2_x_ - [01;31m[Kturtle1_x_[m[K, 2) + std::pow(turtle2_y_ - turtle1_y_, 2));
      |                                                          [01;31m[K^~~~~~~~~~[m[K
[01m[K/root/assignment1_rt/src/TurtlesController.cpp:45:84:[m[K [01;31m[Kerror: [m[Kâ€˜[01m[Kturtle2_y_[m[Kâ€™ was not declared in this scope
   45 |         float distance = std::sqrt(std::pow(turtle2_x_ - turtle1_x_, 2) + std::pow([01;31m[Kturtle2_y_[m[K - turtle1_y_, 2));
      |                                                                                    [01;31m[K^~~~~~~~~~[m[K
[01m[K/root/assignment1_rt/src/TurtlesController.cpp:45:97:[m[K [01;31m[Kerror: [m[Kâ€˜[01m[Kturtle1_y_[m[Kâ€™ was not declared in this scope
   45 |         float distance = std::sqrt(std::pow(turtle2_x_ - turtle1_x_, 2) + std::pow(turtle2_y_ - [01;31m[Kturtle1_y_[m[K, 2));
      |                                                                                                 [01;31m[K^~~~~~~~~~[m[K
[01m[K/root/assignment1_rt/src/TurtlesController.cpp:47:13:[m[K [01;31m[Kerror: [m[Kâ€˜[01m[Kmessage_[m[Kâ€™ was not declared in this scope
   47 |             [01;31m[Kmessage_[m[K.linear.x = 0.0;
      |             [01;31m[K^~~~~~~~[m[K
[01m[K/root/assignment1_rt/src/TurtlesController.cpp:49:13:[m[K [01;31m[Kerror: [m[Kâ€˜[01m[Kpublisher2_[m[Kâ€™ was not declared in this scope
   49 |             [01;31m[Kpublisher2_[m[K->publish(message_);
      |             [01;31m[K^~~~~~~~~~~[m[K
[01m[K/root/assignment1_rt/src/TurtlesController.cpp:52:5:[m[K [01;31m[Kerror: [m[Kexpected primary-expression before â€˜[01m[Kprivate[m[Kâ€™
   52 |     [01;31m[Kprivate[m[K: void timer_distance_callback(){
      |     [01;31m[K^~~~~~~[m[K
gmake[2]: *** [CMakeFiles/TurtlesController.dir/build.make:76: CMakeFiles/TurtlesController.dir/src/TurtlesController.cpp.o] Error 1
gmake[1]: *** [CMakeFiles/Makefile2:168: CMakeFiles/TurtlesController.dir/all] Error 2
gmake: *** [Makefile:146: all] Error 2
