[0.027s] Invoking command in '/root/assignment1_rt/build/assignment1_rt': CMAKE_PREFIX_PATH=${CMAKE_PREFIX_PATH}:/opt/ros/jazzy /usr/bin/cmake --build /root/assignment1_rt/build/assignment1_rt -- -j20 -l20
[0.185s] [ 50%] Built target TextInterface
[0.188s] [ 50%] Built target ament_cmake_python_copy_assignment1_rt
[0.190s] [ 75%] [32mBuilding CXX object CMakeFiles/TurtlesController.dir/src/TurtlesController.cpp.o[0m
[0.394s] running egg_info
[0.410s] writing assignment1_rt.egg-info/PKG-INFO
[0.410s] writing dependency_links to assignment1_rt.egg-info/dependency_links.txt
[0.411s] writing top-level names to assignment1_rt.egg-info/top_level.txt
[0.456s] reading manifest file 'assignment1_rt.egg-info/SOURCES.txt'
[0.456s] writing manifest file 'assignment1_rt.egg-info/SOURCES.txt'
[0.483s] [ 75%] Built target ament_cmake_python_build_assignment1_rt_egg
[2.834s] [01m[K/root/assignment1_rt/src/TurtlesController.cpp:[m[K In constructor â€˜[01m[KTurtlesController::[01;32m[KTurtlesController[m[K()[m[Kâ€™:
[2.834s] [01m[K/root/assignment1_rt/src/TurtlesController.cpp:23:9:[m[K [01;31m[Kerror: [m[Kâ€˜[01m[Ktimer_distance_[m[Kâ€™ was not declared in this scope; did you mean â€˜[01m[Kpublisher_distance_[m[Kâ€™?
[2.834s]    23 |         [01;31m[Ktimer_distance_[m[K = this->create_wall_timer(std::chrono::milliseconds(1000),
[2.834s]       |         [01;31m[K^~~~~~~~~~~~~~~[m[K
[2.834s]       |         [32m[Kpublisher_distance_[m[K
[2.834s] [01m[K/root/assignment1_rt/src/TurtlesController.cpp:24:39:[m[K [01;31m[Kerror: [m[Kâ€˜[01m[Ktimer_distance_callback[m[Kâ€™ is not a member of â€˜[01m[KTurtlesController[m[Kâ€™
[2.834s]    24 |         std::bind(&TurtlesController::[01;31m[Ktimer_distance_callback[m[K, this));
[2.834s]       |                                       [01;31m[K^~~~~~~~~~~~~~~~~~~~~~~[m[K
[2.843s] [01m[K/root/assignment1_rt/src/TurtlesController.cpp:[m[K In member function â€˜[01m[Kvoid TurtlesController::[01;32m[Ktopic_callback1[m[K(turtlesim::msg::Pose_<std::allocator<void> >::SharedPtr)[m[Kâ€™:
[2.843s] [01m[K/root/assignment1_rt/src/TurtlesController.cpp:27:9:[m[K [01;31m[Kerror: [m[Kâ€˜[01m[Kturtle1_x_[m[Kâ€™ was not declared in this scope
[2.843s]    27 |         [01;31m[Kturtle1_x_[m[K = msg1->x;
[2.843s]       |         [01;31m[K^~~~~~~~~~[m[K
[2.850s] [01m[K/root/assignment1_rt/src/TurtlesController.cpp:28:9:[m[K [01;31m[Kerror: [m[Kâ€˜[01m[Kturtle1_y_[m[Kâ€™ was not declared in this scope
[2.850s]    28 |         [01;31m[Kturtle1_y_[m[K = msg1->y;
[2.850s]       |         [01;31m[K^~~~~~~~~~[m[K
[2.856s] [01m[K/root/assignment1_rt/src/TurtlesController.cpp:[m[K In member function â€˜[01m[Kvoid TurtlesController::[01;32m[Ktopic_callback2[m[K(turtlesim::msg::Pose_<std::allocator<void> >::SharedPtr)[m[Kâ€™:
[2.856s] [01m[K/root/assignment1_rt/src/TurtlesController.cpp:31:9:[m[K [01;31m[Kerror: [m[Kâ€˜[01m[Kturtle2_x_[m[Kâ€™ was not declared in this scope
[2.856s]    31 |         [01;31m[Kturtle2_x_[m[K = msg2->x;
[2.856s]       |         [01;31m[K^~~~~~~~~~[m[K
[2.862s] [01m[K/root/assignment1_rt/src/TurtlesController.cpp:32:9:[m[K [01;31m[Kerror: [m[Kâ€˜[01m[Kturtle2_y_[m[Kâ€™ was not declared in this scope
[2.862s]    32 |         [01;31m[Kturtle2_y_[m[K = msg2->y;
[2.862s]       |         [01;31m[K^~~~~~~~~~[m[K
[2.868s] [01m[K/root/assignment1_rt/src/TurtlesController.cpp:[m[K In member function â€˜[01m[Kvoid TurtlesController::[01;32m[Ktimer_callback1[m[K()[m[Kâ€™:
[2.868s] [01m[K/root/assignment1_rt/src/TurtlesController.cpp:36:45:[m[K [01;31m[Kerror: [m[Kâ€˜[01m[Kturtle2_x_[m[Kâ€™ was not declared in this scope
[2.868s]    36 |         float distance = std::sqrt(std::pow([01;31m[Kturtle2_x_[m[K - turtle1_x_, 2) + std::pow(turtle2_y_ - turtle1_y_, 2));
[2.868s]       |                                             [01;31m[K^~~~~~~~~~[m[K
[2.874s] [01m[K/root/assignment1_rt/src/TurtlesController.cpp:36:58:[m[K [01;31m[Kerror: [m[Kâ€˜[01m[Kturtle1_x_[m[Kâ€™ was not declared in this scope
[2.874s]    36 |         float distance = std::sqrt(std::pow(turtle2_x_ - [01;31m[Kturtle1_x_[m[K, 2) + std::pow(turtle2_y_ - turtle1_y_, 2));
[2.874s]       |                                                          [01;31m[K^~~~~~~~~~[m[K
[2.880s] [01m[K/root/assignment1_rt/src/TurtlesController.cpp:36:84:[m[K [01;31m[Kerror: [m[Kâ€˜[01m[Kturtle2_y_[m[Kâ€™ was not declared in this scope
[2.880s]    36 |         float distance = std::sqrt(std::pow(turtle2_x_ - turtle1_x_, 2) + std::pow([01;31m[Kturtle2_y_[m[K - turtle1_y_, 2));
[2.881s]       |                                                                                    [01;31m[K^~~~~~~~~~[m[K
[2.886s] [01m[K/root/assignment1_rt/src/TurtlesController.cpp:36:97:[m[K [01;31m[Kerror: [m[Kâ€˜[01m[Kturtle1_y_[m[Kâ€™ was not declared in this scope
[2.886s]    36 |         float distance = std::sqrt(std::pow(turtle2_x_ - turtle1_x_, 2) + std::pow(turtle2_y_ - [01;31m[Kturtle1_y_[m[K, 2));
[2.886s]       |                                                                                                 [01;31m[K^~~~~~~~~~[m[K
[2.892s] [01m[K/root/assignment1_rt/src/TurtlesController.cpp:38:13:[m[K [01;31m[Kerror: [m[Kâ€˜[01m[Kmessage_[m[Kâ€™ was not declared in this scope
[2.892s]    38 |             [01;31m[Kmessage_[m[K.linear.x = 0.0;
[2.892s]       |             [01;31m[K^~~~~~~~[m[K
[2.899s] [01m[K/root/assignment1_rt/src/TurtlesController.cpp:40:13:[m[K [01;31m[Kerror: [m[Kâ€˜[01m[Kpublisher1_[m[Kâ€™ was not declared in this scope
[2.899s]    40 |             [01;31m[Kpublisher1_[m[K->publish(message_);
[2.899s]       |             [01;31m[K^~~~~~~~~~~[m[K
[2.905s] [01m[K/root/assignment1_rt/src/TurtlesController.cpp:[m[K In member function â€˜[01m[Kvoid TurtlesController::[01;32m[Ktimer_callback2[m[K()[m[Kâ€™:
[2.905s] [01m[K/root/assignment1_rt/src/TurtlesController.cpp:45:45:[m[K [01;31m[Kerror: [m[Kâ€˜[01m[Kturtle2_x_[m[Kâ€™ was not declared in this scope
[2.905s]    45 |         float distance = std::sqrt(std::pow([01;31m[Kturtle2_x_[m[K - turtle1_x_, 2) + std::pow(turtle2_y_ - turtle1_y_, 2));
[2.906s]       |                                             [01;31m[K^~~~~~~~~~[m[K
[2.912s] [01m[K/root/assignment1_rt/src/TurtlesController.cpp:45:58:[m[K [01;31m[Kerror: [m[Kâ€˜[01m[Kturtle1_x_[m[Kâ€™ was not declared in this scope
[2.912s]    45 |         float distance = std::sqrt(std::pow(turtle2_x_ - [01;31m[Kturtle1_x_[m[K, 2) + std::pow(turtle2_y_ - turtle1_y_, 2));
[2.912s]       |                                                          [01;31m[K^~~~~~~~~~[m[K
[2.918s] [01m[K/root/assignment1_rt/src/TurtlesController.cpp:45:84:[m[K [01;31m[Kerror: [m[Kâ€˜[01m[Kturtle2_y_[m[Kâ€™ was not declared in this scope
[2.918s]    45 |         float distance = std::sqrt(std::pow(turtle2_x_ - turtle1_x_, 2) + std::pow([01;31m[Kturtle2_y_[m[K - turtle1_y_, 2));
[2.918s]       |                                                                                    [01;31m[K^~~~~~~~~~[m[K
[2.924s] [01m[K/root/assignment1_rt/src/TurtlesController.cpp:45:97:[m[K [01;31m[Kerror: [m[Kâ€˜[01m[Kturtle1_y_[m[Kâ€™ was not declared in this scope
[2.924s]    45 |         float distance = std::sqrt(std::pow(turtle2_x_ - turtle1_x_, 2) + std::pow(turtle2_y_ - [01;31m[Kturtle1_y_[m[K, 2));
[2.924s]       |                                                                                                 [01;31m[K^~~~~~~~~~[m[K
[2.931s] [01m[K/root/assignment1_rt/src/TurtlesController.cpp:47:13:[m[K [01;31m[Kerror: [m[Kâ€˜[01m[Kmessage_[m[Kâ€™ was not declared in this scope
[2.931s]    47 |             [01;31m[Kmessage_[m[K.linear.x = 0.0;
[2.931s]       |             [01;31m[K^~~~~~~~[m[K
[2.938s] [01m[K/root/assignment1_rt/src/TurtlesController.cpp:49:13:[m[K [01;31m[Kerror: [m[Kâ€˜[01m[Kpublisher2_[m[Kâ€™ was not declared in this scope
[2.938s]    49 |             [01;31m[Kpublisher2_[m[K->publish(message_);
[2.938s]       |             [01;31m[K^~~~~~~~~~~[m[K
[2.938s] [01m[K/root/assignment1_rt/src/TurtlesController.cpp:52:5:[m[K [01;31m[Kerror: [m[Kexpected primary-expression before â€˜[01m[Kprivate[m[Kâ€™
[2.938s]    52 |     [01;31m[Kprivate[m[K: void timer_distance_callback(){
[2.938s]       |     [01;31m[K^~~~~~~[m[K
[5.406s] gmake[2]: *** [CMakeFiles/TurtlesController.dir/build.make:76: CMakeFiles/TurtlesController.dir/src/TurtlesController.cpp.o] Error 1
[5.407s] gmake[1]: *** [CMakeFiles/Makefile2:168: CMakeFiles/TurtlesController.dir/all] Error 2
[5.407s] gmake: *** [Makefile:146: all] Error 2
[5.409s] Invoked command in '/root/assignment1_rt/build/assignment1_rt' returned '2': CMAKE_PREFIX_PATH=${CMAKE_PREFIX_PATH}:/opt/ros/jazzy /usr/bin/cmake --build /root/assignment1_rt/build/assignment1_rt -- -j20 -l20
