[  0%] Built target ament_cmake_python_copy_assignment1_rt
[ 50%] [32mBuilding CXX object CMakeFiles/interface_node.dir/src/interface_node.cpp.o[0m
[01m[Kcc1plus:[m[K [01;31m[Kfatal error: [m[K/root/assignment1_rt/src/interface_node.cpp: No such file or directory
compilation terminated.
gmake[2]: *** [CMakeFiles/interface_node.dir/build.make:76: CMakeFiles/interface_node.dir/src/interface_node.cpp.o] Error 1
gmake[1]: *** [CMakeFiles/Makefile2:140: CMakeFiles/interface_node.dir/all] Error 2
gmake[1]: *** Waiting for unfinished jobs....
running egg_info
writing assignment1_rt.egg-info/PKG-INFO
writing dependency_links to assignment1_rt.egg-info/dependency_links.txt
writing top-level names to assignment1_rt.egg-info/top_level.txt
reading manifest file 'assignment1_rt.egg-info/SOURCES.txt'
writing manifest file 'assignment1_rt.egg-info/SOURCES.txt'
[ 50%] Built target ament_cmake_python_build_assignment1_rt_egg
gmake: *** [Makefile:146: all] Error 2
