[0.033s] Invoking command in '/root/assignment1_rt/build/assignment1_rt': CMAKE_PREFIX_PATH=${CMAKE_PREFIX_PATH}:/opt/ros/jazzy /usr/bin/cmake --build /root/assignment1_rt/build/assignment1_rt -- -j20 -l20
[0.181s] [  0%] Built target ament_cmake_python_copy_assignment1_rt
[0.212s] [ 50%] [32mBuilding CXX object CMakeFiles/interface_node.dir/src/interface_node.cpp.o[0m
[0.224s] [01m[Kcc1plus:[m[K [01;31m[Kfatal error: [m[K/root/assignment1_rt/src/interface_node.cpp: No such file or directory
[0.224s] compilation terminated.
[0.224s] gmake[2]: *** [CMakeFiles/interface_node.dir/build.make:76: CMakeFiles/interface_node.dir/src/interface_node.cpp.o] Error 1
[0.224s] gmake[1]: *** [CMakeFiles/Makefile2:140: CMakeFiles/interface_node.dir/all] Error 2
[0.224s] gmake[1]: *** Waiting for unfinished jobs....
[0.386s] running egg_info
[0.400s] writing assignment1_rt.egg-info/PKG-INFO
[0.401s] writing dependency_links to assignment1_rt.egg-info/dependency_links.txt
[0.401s] writing top-level names to assignment1_rt.egg-info/top_level.txt
[0.447s] reading manifest file 'assignment1_rt.egg-info/SOURCES.txt'
[0.449s] writing manifest file 'assignment1_rt.egg-info/SOURCES.txt'
[0.475s] [ 50%] Built target ament_cmake_python_build_assignment1_rt_egg
[0.477s] gmake: *** [Makefile:146: all] Error 2
[0.479s] Invoked command in '/root/assignment1_rt/build/assignment1_rt' returned '2': CMAKE_PREFIX_PATH=${CMAKE_PREFIX_PATH}:/opt/ros/jazzy /usr/bin/cmake --build /root/assignment1_rt/build/assignment1_rt -- -j20 -l20
